<?xml version="1.0" encoding="UTF-8" ?>
<testsuites>
  <testsuite errors="4" failures="0" hostname="t440p-20140129b" id="0" name="AllTests" package="automationFramework" skipped="0" tests="7" time="232.706" timestamp="2015-02-03T17:56:06">
      <properties>
[...]
</properties>

      <testcase classname="automationFramework.Cypress" name="HomePage" time="11.235" />

      <testcase classname="automationFramework.Cypress" name="testCypress" time="16.453" />

      <testcase classname="automationFramework.Direct_Transport" name="testDirectTransport" time="23.969" />

      <testcase classname="automationFramework.Qrda" name="testQrda" time="79.798">
          <error message="Element is not currently visible and so may not be interacted with&#xa;Command duration or timeout: 60.10 seconds&#xa;Build info: version: &apos;2.44.0&apos;, revision: &apos;76d78cf&apos;, time: &apos;2014-10-23 20:03:00&apos;&#xa;System info: host: &apos;t440p-20140129b&apos;, ip: &apos;192.168.1.3&apos;, os.name: &apos;Windows 8.1&apos;, os.arch: &apos;amd64&apos;, os.version: &apos;6.3&apos;, java.version: &apos;1.8.0_25&apos;&#xa;Driver info: org.openqa.selenium.firefox.FirefoxDriver&#xa;Capabilities [{applicationCacheEnabled=true, rotatable=false, handlesAlerts=true, databaseEnabled=true, version=35.0.1, platform=WINDOWS, nativeEvents=false, acceptSslCerts=true, webStorageEnabled=true, locationContextEnabled=true, browserName=firefox, takesScreenshot=true, javascriptEnabled=true, cssSelectorsEnabled=true}]&#xa;Session ID: 4a93d428-fea6-4651-9ac9-ac345d9743c1" type="org.openqa.selenium.ElementNotVisibleException">org.openqa.selenium.ElementNotVisibleException: Element is not currently visible and so may not be interacted with
Command duration or timeout: 60.10 seconds
Build info: version: &apos;2.44.0&apos;, revision: &apos;76d78cf&apos;, time: &apos;2014-10-23 20:03:00&apos;
System info: host: &apos;t440p-20140129b&apos;, ip: &apos;192.168.1.3&apos;, os.name: &apos;Windows 8.1&apos;, os.arch: &apos;amd64&apos;, os.version: &apos;6.3&apos;, java.version: &apos;1.8.0_25&apos;
Driver info: org.openqa.selenium.firefox.FirefoxDriver
Capabilities [{applicationCacheEnabled=true, rotatable=false, handlesAlerts=true, databaseEnabled=true, version=35.0.1, platform=WINDOWS, nativeEvents=false, acceptSslCerts=true, webStorageEnabled=true, locationContextEnabled=true, browserName=firefox, takesScreenshot=true, javascriptEnabled=true, cssSelectorsEnabled=true}]
Session ID: 4a93d428-fea6-4651-9ac9-ac345d9743c1
	at java.lang.reflect.Constructor.newInstance(Unknown Source)
	at org.openqa.selenium.remote.ErrorHandler.createThrowable(ErrorHandler.java:204)
	at org.openqa.selenium.remote.ErrorHandler.throwIfResponseFailed(ErrorHandler.java:156)
	at org.openqa.selenium.remote.RemoteWebDriver.execute(RemoteWebDriver.java:599)
	at org.openqa.selenium.remote.RemoteWebElement.execute(RemoteWebElement.java:268)
	at org.openqa.selenium.remote.RemoteWebElement.click(RemoteWebElement.java:79)
	at PageObjects.Qrda_Page.Close_ValidationResults_Popup(Qrda_Page.java:151)
	at automationFramework.Qrda.testQrda(Qrda.java:60)
Caused by: org.openqa.selenium.ElementNotVisibleException: Element is not currently visible and so may not be interacted with
Build info: version: &apos;2.44.0&apos;, revision: &apos;76d78cf&apos;, time: &apos;2014-10-23 20:03:00&apos;
System info: host: &apos;t440p-20140129b&apos;, ip: &apos;192.168.1.3&apos;, os.name: &apos;Windows 8.1&apos;, os.arch: &apos;amd64&apos;, os.version: &apos;6.3&apos;, java.version: &apos;1.8.0_25&apos;
Driver info: driver.version: unknown
	at &lt;anonymous class&gt;.fxdriver.preconditions.visible(file:///C:/Users/amore/AppData/Local/Temp/anonymous1802028693866450966webdriver-profile/extensions/fxdriver@googlecode.com/components/command-processor.js:8959:12)
	at &lt;anonymous class&gt;.DelayedCommand.prototype.checkPreconditions_(file:///C:/Users/amore/AppData/Local/Temp/anonymous1802028693866450966webdriver-profile/extensions/fxdriver@googlecode.com/components/command-processor.js:11618:15)
	at &lt;anonymous class&gt;.DelayedCommand.prototype.executeInternal_/h(file:///C:/Users/amore/AppData/Local/Temp/anonymous1802028693866450966webdriver-profile/extensions/fxdriver@googlecode.com/components/command-processor.js:11635:11)
	at &lt;anonymous class&gt;.fxdriver.Timer.prototype.setTimeout/&lt;.notify(file:///C:/Users/amore/AppData/Local/Temp/anonymous1802028693866450966webdriver-profile/extensions/fxdriver@googlecode.com/components/command-processor.js:548:5)
</error>

      </testcase>

      <testcase classname="automationFramework.Test_ccda" name="testCcda" time="11.735">
          <error type="java.lang.StackOverflowError">java.lang.StackOverflowError
	at PageObjects.Ccda_page.File_Upload_Success_Message_R1(Ccda_page.java:74)
	at PageObjects.Ccda_page.File_Upload_Success_Message_R1(Ccda_page.java:74)
	at PageObjects.Ccda_page.File_Upload_Success_Message_R1(Ccda_page.java:74)
	at PageObjects.Ccda_page.File_Upload_Success_Message_R1(Ccda_page.java:74)
	at PageObjects.Ccda_page.File_Upload_Success_Message_R1(Ccda_page.java:74)
	at PageObjects.Ccda_page.File_Upload_Success_Message_R1(Ccda_page.java:74)
	at PageObjects.Ccda_page.File_Upload_Success_Message_R1(Ccda_page.java:74)
	at PageObjects.Ccda_page.File_Upload_Success_Message_R1(Ccda_page.java:74)
	at PageObjects.Ccda_page.File_Upload_Success_Message_R1(Ccda_page.java:74)
	at PageObjects.Ccda_page.File_Upload_Success_Message_R1(Ccda_page.java:74)
	at PageObjects.Ccda_page.File_Upload_Success_Message_R1(Ccda_page.java:74)
	at PageObjects.Ccda_page.File_Upload_Success_Message_R1(Ccda_page.java:74)
	at PageObjects.Ccda_page.File_Upload_Success_Message_R1(Ccda_page.java:74)
	at PageObjects.Ccda_page.File_Upload_Success_Message_R1(Ccda_page.java:74)
	at PageObjects.Ccda_page.File_Upload_Success_Message_R1(Ccda_page.java:74)
	at PageObjects.Ccda_page.File_Upload_Success_Message_R1(Ccda_page.java:74)
	at PageObjects.Ccda_page.File_Upload_Success_Message_R1(Ccda_page.java:74)
	at PageObjects.Ccda_page.File_Upload_Success_Message_R1(Ccda_page.java:74)
	at PageObjects.Ccda_page.File_Upload_Success_Message_R1(Ccda_page.java:74)
	at PageObjects.Ccda_page.File_Upload_Success_Message_R1(Ccda_page.java:74)
	at PageObjects.Ccda_page.File_Upload_Success_Message_R1(Ccda_page.java:74)
	at PageObjects.Ccda_page.File_Upload_Success_Message_R1(Ccda_page.java:74)
	at PageObjects.Ccda_page.File_Upload_Success_Message_R1(Ccda_page.java:74)
	at PageObjects.Ccda_page.File_Upload_Success_Message_R1(Ccda_page.java:74)
	at PageObjects.Ccda_page.File_Upload_Success_Message_R1(Ccda_page.java:74)
	at PageObjects.Ccda_page.File_Upload_Success_Message_R1(Ccda_page.java:74)
	at PageObjects.Ccda_page.File_Upload_Success_Message_R1(Ccda_page.java:74)
	at PageObjects.Ccda_page.File_Upload_Success_Message_R1(Ccda_page.java:74)
	at PageObjects.Ccda_page.File_Upload_Success_Message_R1(Ccda_page.java:74)
	at PageObjects.Ccda_page.File_Upload_Success_Message_R1(Ccda_page.java:74)
	at PageObjects.Ccda_page.File_Upload_Success_Message_R1(Ccda_page.java:74)
	at PageObjects.Ccda_page.File_Upload_Success_Message_R1(Ccda_page.java:74)
	at PageObjects.Ccda_page.File_Upload_Success_Message_R1(Ccda_page.java:74)
	at PageObjects.Ccda_page.File_Upload_Success_Message_R1(Ccda_page.java:74)
	at PageObjects.Ccda_page.File_Upload_Success_Message_R1(Ccda_page.java:74)
	at PageObjects.Ccda_page.File_Upload_Success_Message_R1(Ccda_page.java:74)
	at PageObjects.Ccda_page.File_Upload_Success_Message_R1(Ccda_page.java:74)
	at PageObjects.Ccda_page.File_Upload_Success_Message_R1(Ccda_page.java:74)
	at PageObjects.Ccda_page.File_Upload_Success_Message_R1(Ccda_page.java:74)
	at PageObjects.Ccda_page.File_Upload_Success_Message_R1(Ccda_page.java:74)
	at PageObjects.Ccda_page.File_Upload_Success_Message_R1(Ccda_page.java:74)
	at PageObjects.Ccda_page.File_Upload_Success_Message_R1(Ccda_page.java:74)
	at PageObjects.Ccda_page.File_Upload_Success_Message_R1(Ccda_page.java:74)
	at PageObjects.Ccda_page.File_Upload_Success_Message_R1(Ccda_page.java:74)
	at PageObjects.Ccda_page.File_Upload_Success_Message_R1(Ccda_page.java:74)
	at PageObjects.Ccda_page.File_Upload_Success_Message_R1(Ccda_page.java:74)
	at PageObjects.Ccda_page.File_Upload_Success_Message_R1(Ccda_page.java:74)
	at PageObjects.Ccda_page.File_Upload_Success_Message_R1(Ccda_page.java:74)
	at PageObjects.Ccda_page.File_Upload_Success_Message_R1(Ccda_page.java:74)
	at PageObjects.Ccda_page.File_Upload_Success_Message_R1(Ccda_page.java:74)
	at PageObjects.Ccda_page.File_Upload_Success_Message_R1(Ccda_page.java:74)
	at PageObjects.Ccda_page.File_Upload_Success_Message_R1(Ccda_page.java:74)
	at PageObjects.Ccda_page.File_Upload_Success_Message_R1(Ccda_page.java:74)
	at PageObjects.Ccda_page.File_Upload_Success_Message_R1(Ccda_page.java:74)
	at PageObjects.Ccda_page.File_Upload_Success_Message_R1(Ccda_page.java:74)
	at PageObjects.Ccda_page.File_Upload_Success_Message_R1(Ccda_page.java:74)
	at PageObjects.Ccda_page.File_Upload_Success_Message_R1(Ccda_page.java:74)
	at PageObjects.Ccda_page.File_Upload_Success_Message_R1(Ccda_page.java:74)
	at PageObjects.Ccda_page.File_Upload_Success_Message_R1(Ccda_page.java:74)
	at PageObjects.Ccda_page.File_Upload_Success_Message_R1(Ccda_page.java:74)
	at PageObjects.Ccda_page.File_Upload_Success_Message_R1(Ccda_page.java:74)
	at PageObjects.Ccda_page.File_Upload_Success_Message_R1(Ccda_page.java:74)
	at PageObjects.Ccda_page.File_Upload_Success_Message_R1(Ccda_page.java:74)
	at PageObjects.Ccda_page.File_Upload_Success_Message_R1(Ccda_page.java:74)
	at PageObjects.Ccda_page.File_Upload_Success_Message_R1(Ccda_page.java:74)
	at PageObjects.Ccda_page.File_Upload_Success_Message_R1(Ccda_page.java:74)
	at PageObjects.Ccda_page.File_Upload_Success_Message_R1(Ccda_page.java:74)
	at PageObjects.Ccda_page.File_Upload_Success_Message_R1(Ccda_page.java:74)
	at PageObjects.Ccda_page.File_Upload_Success_Message_R1(Ccda_page.java:74)
	at PageObjects.Ccda_page.File_Upload_Success_Message_R1(Ccda_page.java:74)
	at PageObjects.Ccda_page.File_Upload_Success_Message_R1(Ccda_page.java:74)
	at PageObjects.Ccda_page.File_Upload_Success_Message_R1(Ccda_page.java:74)
	at PageObjects.Ccda_page.File_Upload_Success_Message_R1(Ccda_page.java:74)
	at PageObjects.Ccda_page.File_Upload_Success_Message_R1(Ccda_page.java:74)
	at PageObjects.Ccda_page.File_Upload_Success_Message_R1(Ccda_page.java:74)
	at PageObjects.Ccda_page.File_Upload_Success_Message_R1(Ccda_page.java:74)
	at PageObjects.Ccda_page.File_Upload_Success_Message_R1(Ccda_page.java:74)
	at PageObjects.Ccda_page.File_Upload_Success_Message_R1(Ccda_page.java:74)
	at PageObjects.Ccda_page.File_Upload_Success_Message_R1(Ccda_page.java:74)
	at PageObjects.Ccda_page.File_Upload_Success_Message_R1(Ccda_page.java:74)
	at PageObjects.Ccda_page.File_Upload_Success_Message_R1(Ccda_page.java:74)
	at PageObjects.Ccda_page.File_Upload_Success_Message_R1(Ccda_page.java:74)
	at PageObjects.Ccda_page.File_Upload_Success_Message_R1(Ccda_page.java:74)
	at PageObjects.Ccda_page.File_Upload_Success_Message_R1(Ccda_page.java:74)
	at PageObjects.Ccda_page.File_Upload_Success_Message_R1(Ccda_page.java:74)
	at PageObjects.Ccda_page.File_Upload_Success_Message_R1(Ccda_page.java:74)
	at PageObjects.Ccda_page.File_Upload_Success_Message_R1(Ccda_page.java:74)
	at PageObjects.Ccda_page.File_Upload_Success_Message_R1(Ccda_page.java:74)
	at PageObjects.Ccda_page.File_Upload_Success_Message_R1(Ccda_page.java:74)
	at PageObjects.Ccda_page.File_Upload_Success_Message_R1(Ccda_page.java:74)
	at PageObjects.Ccda_page.File_Upload_Success_Message_R1(Ccda_page.java:74)
	at PageObjects.Ccda_page.File_Upload_Success_Message_R1(Ccda_page.java:74)
	at PageObjects.Ccda_page.File_Upload_Success_Message_R1(Ccda_page.java:74)
	at PageObjects.Ccda_page.File_Upload_Success_Message_R1(Ccda_page.java:74)
	at PageObjects.Ccda_page.File_Upload_Success_Message_R1(Ccda_page.java:74)
	at PageObjects.Ccda_page.File_Upload_Success_Message_R1(Ccda_page.java:74)
	at PageObjects.Ccda_page.File_Upload_Success_Message_R1(Ccda_page.java:74)
	at PageObjects.Ccda_page.File_Upload_Success_Message_R1(Ccda_page.java:74)
	at PageObjects.Ccda_page.File_Upload_Success_Message_R1(Ccda_page.java:74)
	at PageObjects.Ccda_page.File_Upload_Success_Message_R1(Ccda_page.java:74)
	at PageObjects.Ccda_page.File_Upload_Success_Message_R1(Ccda_page.java:74)
	at PageObjects.Ccda_page.File_Upload_Success_Message_R1(Ccda_page.java:74)
	at PageObjects.Ccda_page.File_Upload_Success_Message_R1(Ccda_page.java:74)
	at PageObjects.Ccda_page.File_Upload_Success_Message_R1(Ccda_page.java:74)
	at PageObjects.Ccda_page.File_Upload_Success_Message_R1(Ccda_page.java:74)
	at PageObjects.Ccda_page.File_Upload_Success_Message_R1(Ccda_page.java:74)
	at PageObjects.Ccda_page.File_Upload_Success_Message_R1(Ccda_page.java:74)
	at PageObjects.Ccda_page.File_Upload_Success_Message_R1(Ccda_page.java:74)
	at PageObjects.Ccda_page.File_Upload_Success_Message_R1(Ccda_page.java:74)
	at PageObjects.Ccda_page.File_Upload_Success_Message_R1(Ccda_page.java:74)
	at PageObjects.Ccda_page.File_Upload_Success_Message_R1(Ccda_page.java:74)
	at PageObjects.Ccda_page.File_Upload_Success_Message_R1(Ccda_page.java:74)
	at PageObjects.Ccda_page.File_Upload_Success_Message_R1(Ccda_page.java:74)
	at PageObjects.Ccda_page.File_Upload_Success_Message_R1(Ccda_page.java:74)
	at PageObjects.Ccda_page.File_Upload_Success_Message_R1(Ccda_page.java:74)
	at PageObjects.Ccda_page.File_Upload_Success_Message_R1(Ccda_page.java:74)
	at PageObjects.Ccda_page.File_Upload_Success_Message_R1(Ccda_page.java:74)
	at PageObjects.Ccda_page.File_Upload_Success_Message_R1(Ccda_page.java:74)
	at PageObjects.Ccda_page.File_Upload_Success_Message_R1(Ccda_page.java:74)
	at PageObjects.Ccda_page.File_Upload_Success_Message_R1(Ccda_page.java:74)
	at PageObjects.Ccda_page.File_Upload_Success_Message_R1(Ccda_page.java:74)
	at PageObjects.Ccda_page.File_Upload_Success_Message_R1(Ccda_page.java:74)
	at PageObjects.Ccda_page.File_Upload_Success_Message_R1(Ccda_page.java:74)
	at PageObjects.Ccda_page.File_Upload_Success_Message_R1(Ccda_page.java:74)
	at PageObjects.Ccda_page.File_Upload_Success_Message_R1(Ccda_page.java:74)
	at PageObjects.Ccda_page.File_Upload_Success_Message_R1(Ccda_page.java:74)
	at PageObjects.Ccda_page.File_Upload_Success_Message_R1(Ccda_page.java:74)
	at PageObjects.Ccda_page.File_Upload_Success_Message_R1(Ccda_page.java:74)
	at PageObjects.Ccda_page.File_Upload_Success_Message_R1(Ccda_page.java:74)
	at PageObjects.Ccda_page.File_Upload_Success_Message_R1(Ccda_page.java:74)
	at PageObjects.Ccda_page.File_Upload_Success_Message_R1(Ccda_page.java:74)
	at PageObjects.Ccda_page.File_Upload_Success_Message_R1(Ccda_page.java:74)
	at PageObjects.Ccda_page.File_Upload_Success_Message_R1(Ccda_page.java:74)
	at PageObjects.Ccda_page.File_Upload_Success_Message_R1(Ccda_page.java:74)
	at PageObjects.Ccda_page.File_Upload_Success_Message_R1(Ccda_page.java:74)
	at PageObjects.Ccda_page.File_Upload_Success_Message_R1(Ccda_page.java:74)
	at PageObjects.Ccda_page.File_Upload_Success_Message_R1(Ccda_page.java:74)
	at PageObjects.Ccda_page.File_Upload_Success_Message_R1(Ccda_page.java:74)
	at PageObjects.Ccda_page.File_Upload_Success_Message_R1(Ccda_page.java:74)
	at PageObjects.Ccda_page.File_Upload_Success_Message_R1(Ccda_page.java:74)
	at PageObjects.Ccda_page.File_Upload_Success_Message_R1(Ccda_page.java:74)
	at PageObjects.Ccda_page.File_Upload_Success_Message_R1(Ccda_page.java:74)
	at PageObjects.Ccda_page.File_Upload_Success_Message_R1(Ccda_page.java:74)
	at PageObjects.Ccda_page.File_Upload_Success_Message_R1(Ccda_page.java:74)
	at PageObjects.Ccda_page.File_Upload_Success_Message_R1(Ccda_page.java:74)
	at PageObjects.Ccda_page.File_Upload_Success_Message_R1(Ccda_page.java:74)
	at PageObjects.Ccda_page.File_Upload_Success_Message_R1(Ccda_page.java:74)
	at PageObjects.Ccda_page.File_Upload_Success_Message_R1(Ccda_page.java:74)
	at PageObjects.Ccda_page.File_Upload_Success_Message_R1(Ccda_page.java:74)
	at PageObjects.Ccda_page.File_Upload_Success_Message_R1(Ccda_page.java:74)
	at PageObjects.Ccda_page.File_Upload_Success_Message_R1(Ccda_page.java:74)
	at PageObjects.Ccda_page.File_Upload_Success_Message_R1(Ccda_page.java:74)
	at PageObjects.Ccda_page.File_Upload_Success_Message_R1(Ccda_page.java:74)
	at PageObjects.Ccda_page.File_Upload_Success_Message_R1(Ccda_page.java:74)
	at PageObjects.Ccda_page.File_Upload_Success_Message_R1(Ccda_page.java:74)
	at PageObjects.Ccda_page.File_Upload_Success_Message_R1(Ccda_page.java:74)
	at PageObjects.Ccda_page.File_Upload_Success_Message_R1(Ccda_page.java:74)
	at PageObjects.Ccda_page.File_Upload_Success_Message_R1(Ccda_page.java:74)
	at PageObjects.Ccda_page.File_Upload_Success_Message_R1(Ccda_page.java:74)
	at PageObjects.Ccda_page.File_Upload_Success_Message_R1(Ccda_page.java:74)
	at PageObjects.Ccda_page.File_Upload_Success_Message_R1(Ccda_page.java:74)
	at PageObjects.Ccda_page.File_Upload_Success_Message_R1(Ccda_page.java:74)
	at PageObjects.Ccda_page.File_Upload_Success_Message_R1(Ccda_page.java:74)
	at PageObjects.Ccda_page.File_Upload_Success_Message_R1(Ccda_page.java:74)
	at PageObjects.Ccda_page.File_Upload_Success_Message_R1(Ccda_page.java:74)
	at PageObjects.Ccda_page.File_Upload_Success_Message_R1(Ccda_page.java:74)
	at PageObjects.Ccda_page.File_Upload_Success_Message_R1(Ccda_page.java:74)
	at PageObjects.Ccda_page.File_Upload_Success_Message_R1(Ccda_page.java:74)
	at PageObjects.Ccda_page.File_Upload_Success_Message_R1(Ccda_page.java:74)
	at PageObjects.Ccda_page.File_Upload_Success_Message_R1(Ccda_page.java:74)
	at PageObjects.Ccda_page.File_Upload_Success_Message_R1(Ccda_page.java:74)
	at PageObjects.Ccda_page.File_Upload_Success_Message_R1(Ccda_page.java:74)
	at PageObjects.Ccda_page.File_Upload_Success_Message_R1(Ccda_page.java:74)
	at PageObjects.Ccda_page.File_Upload_Success_Message_R1(Ccda_page.java:74)
	at PageObjects.Ccda_page.File_Upload_Success_Message_R1(Ccda_page.java:74)
	at PageObjects.Ccda_page.File_Upload_Success_Message_R1(Ccda_page.java:74)
	at PageObjects.Ccda_page.File_Upload_Success_Message_R1(Ccda_page.java:74)
	at PageObjects.Ccda_page.File_Upload_Success_Message_R1(Ccda_page.java:74)
	at PageObjects.Ccda_page.File_Upload_Success_Message_R1(Ccda_page.java:74)
	at PageObjects.Ccda_page.File_Upload_Success_Message_R1(Ccda_page.java:74)
	at PageObjects.Ccda_page.File_Upload_Success_Message_R1(Ccda_page.java:74)
	at PageObjects.Ccda_page.File_Upload_Success_Message_R1(Ccda_page.java:74)
	at PageObjects.Ccda_page.File_Upload_Success_Message_R1(Ccda_page.java:74)
	at PageObjects.Ccda_page.File_Upload_Success_Message_R1(Ccda_page.java:74)
	at PageObjects.Ccda_page.File_Upload_Success_Message_R1(Ccda_page.java:74)
	at PageObjects.Ccda_page.File_Upload_Success_Message_R1(Ccda_page.java:74)
	at PageObjects.Ccda_page.File_Upload_Success_Message_R1(Ccda_page.java:74)
	at PageObjects.Ccda_page.File_Upload_Success_Message_R1(Ccda_page.java:74)
	at PageObjects.Ccda_page.File_Upload_Success_Message_R1(Ccda_page.java:74)
	at PageObjects.Ccda_page.File_Upload_Success_Message_R1(Ccda_page.java:74)
	at PageObjects.Ccda_page.File_Upload_Success_Message_R1(Ccda_page.java:74)
	at PageObjects.Ccda_page.File_Upload_Success_Message_R1(Ccda_page.java:74)
	at PageObjects.Ccda_page.File_Upload_Success_Message_R1(Ccda_page.java:74)
	at PageObjects.Ccda_page.File_Upload_Success_Message_R1(Ccda_page.java:74)
	at PageObjects.Ccda_page.File_Upload_Success_Message_R1(Ccda_page.java:74)
	at PageObjects.Ccda_page.File_Upload_Success_Message_R1(Ccda_page.java:74)
	at PageObjects.Ccda_page.File_Upload_Success_Message_R1(Ccda_page.java:74)
	at PageObjects.Ccda_page.File_Upload_Success_Message_R1(Ccda_page.java:74)
	at PageObjects.Ccda_page.File_Upload_Success_Message_R1(Ccda_page.java:74)
	at PageObjects.Ccda_page.File_Upload_Success_Message_R1(Ccda_page.java:74)
	at PageObjects.Ccda_page.File_Upload_Success_Message_R1(Ccda_page.java:74)
	at PageObjects.Ccda_page.File_Upload_Success_Message_R1(Ccda_page.java:74)
	at PageObjects.Ccda_page.File_Upload_Success_Message_R1(Ccda_page.java:74)
	at PageObjects.Ccda_page.File_Upload_Success_Message_R1(Ccda_page.java:74)
	at PageObjects.Ccda_page.File_Upload_Success_Message_R1(Ccda_page.java:74)
	at PageObjects.Ccda_page.File_Upload_Success_Message_R1(Ccda_page.java:74)
	at PageObjects.Ccda_page.File_Upload_Success_Message_R1(Ccda_page.java:74)
	at PageObjects.Ccda_page.File_Upload_Success_Message_R1(Ccda_page.java:74)
	at PageObjects.Ccda_page.File_Upload_Success_Message_R1(Ccda_page.java:74)
	at PageObjects.Ccda_page.File_Upload_Success_Message_R1(Ccda_page.java:74)
	at PageObjects.Ccda_page.File_Upload_Success_Message_R1(Ccda_page.java:74)
	at PageObjects.Ccda_page.File_Upload_Success_Message_R1(Ccda_page.java:74)
	at PageObjects.Ccda_page.File_Upload_Success_Message_R1(Ccda_page.java:74)
	at PageObjects.Ccda_page.File_Upload_Success_Message_R1(Ccda_page.java:74)
	at PageObjects.Ccda_page.File_Upload_Success_Message_R1(Ccda_page.java:74)
	at PageObjects.Ccda_page.File_Upload_Success_Message_R1(Ccda_page.java:74)
	at PageObjects.Ccda_page.File_Upload_Success_Message_R1(Ccda_page.java:74)
	at PageObjects.Ccda_page.File_Upload_Success_Message_R1(Ccda_page.java:74)
	at PageObjects.Ccda_page.File_Upload_Success_Message_R1(Ccda_page.java:74)
	at PageObjects.Ccda_page.File_Upload_Success_Message_R1(Ccda_page.java:74)
	at PageObjects.Ccda_page.File_Upload_Success_Message_R1(Ccda_page.java:74)
	at PageObjects.Ccda_page.File_Upload_Success_Message_R1(Ccda_page.java:74)
	at PageObjects.Ccda_page.File_Upload_Success_Message_R1(Ccda_page.java:74)
	at PageObjects.Ccda_page.File_Upload_Success_Message_R1(Ccda_page.java:74)
	at PageObjects.Ccda_page.File_Upload_Success_Message_R1(Ccda_page.java:74)
	at PageObjects.Ccda_page.File_Upload_Success_Message_R1(Ccda_page.java:74)
	at PageObjects.Ccda_page.File_Upload_Success_Message_R1(Ccda_page.java:74)
	at PageObjects.Ccda_page.File_Upload_Success_Message_R1(Ccda_page.java:74)
	at PageObjects.Ccda_page.File_Upload_Success_Message_R1(Ccda_page.java:74)
	at PageObjects.Ccda_page.File_Upload_Success_Message_R1(Ccda_page.java:74)
	at PageObjects.Ccda_page.File_Upload_Success_Message_R1(Ccda_page.java:74)
	at PageObjects.Ccda_page.File_Upload_Success_Message_R1(Ccda_page.java:74)
	at PageObjects.Ccda_page.File_Upload_Success_Message_R1(Ccda_page.java:74)
	at PageObjects.Ccda_page.File_Upload_Success_Message_R1(Ccda_page.java:74)
	at PageObjects.Ccda_page.File_Upload_Success_Message_R1(Ccda_page.java:74)
	at PageObjects.Ccda_page.File_Upload_Success_Message_R1(Ccda_page.java:74)
	at PageObjects.Ccda_page.File_Upload_Success_Message_R1(Ccda_page.java:74)
	at PageObjects.Ccda_page.File_Upload_Success_Message_R1(Ccda_page.java:74)
	at PageObjects.Ccda_page.File_Upload_Success_Message_R1(Ccda_page.java:74)
	at PageObjects.Ccda_page.File_Upload_Success_Message_R1(Ccda_page.java:74)
	at PageObjects.Ccda_page.File_Upload_Success_Message_R1(Ccda_page.java:74)
	at PageObjects.Ccda_page.File_Upload_Success_Message_R1(Ccda_page.java:74)
	at PageObjects.Ccda_page.File_Upload_Success_Message_R1(Ccda_page.java:74)
	at PageObjects.Ccda_page.File_Upload_Success_Message_R1(Ccda_page.java:74)
	at PageObjects.Ccda_page.File_Upload_Success_Message_R1(Ccda_page.java:74)
	at PageObjects.Ccda_page.File_Upload_Success_Message_R1(Ccda_page.java:74)
	at PageObjects.Ccda_page.File_Upload_Success_Message_R1(Ccda_page.java:74)
	at PageObjects.Ccda_page.File_Upload_Success_Message_R1(Ccda_page.java:74)
	at PageObjects.Ccda_page.File_Upload_Success_Message_R1(Ccda_page.java:74)
	at PageObjects.Ccda_page.File_Upload_Success_Message_R1(Ccda_page.java:74)
	at PageObjects.Ccda_page.File_Upload_Success_Message_R1(Ccda_page.java:74)
	at PageObjects.Ccda_page.File_Upload_Success_Message_R1(Ccda_page.java:74)
	at PageObjects.Ccda_page.File_Upload_Success_Message_R1(Ccda_page.java:74)
	at PageObjects.Ccda_page.File_Upload_Success_Message_R1(Ccda_page.java:74)
	at PageObjects.Ccda_page.File_Upload_Success_Message_R1(Ccda_page.java:74)
	at PageObjects.Ccda_page.File_Upload_Success_Message_R1(Ccda_page.java:74)
	at PageObjects.Ccda_page.File_Upload_Success_Message_R1(Ccda_page.java:74)
	at PageObjects.Ccda_page.File_Upload_Success_Message_R1(Ccda_page.java:74)
	at PageObjects.Ccda_page.File_Upload_Success_Message_R1(Ccda_page.java:74)
	at PageObjects.Ccda_page.File_Upload_Success_Message_R1(Ccda_page.java:74)
	at PageObjects.Ccda_page.File_Upload_Success_Message_R1(Ccda_page.java:74)
	at PageObjects.Ccda_page.File_Upload_Success_Message_R1(Ccda_page.java:74)
	at PageObjects.Ccda_page.File_Upload_Success_Message_R1(Ccda_page.java:74)
	at PageObjects.Ccda_page.File_Upload_Success_Message_R1(Ccda_page.java:74)
	at PageObjects.Ccda_page.File_Upload_Success_Message_R1(Ccda_page.java:74)
	at PageObjects.Ccda_page.File_Upload_Success_Message_R1(Ccda_page.java:74)
	at PageObjects.Ccda_page.File_Upload_Success_Message_R1(Ccda_page.java:74)
	at PageObjects.Ccda_page.File_Upload_Success_Message_R1(Ccda_page.java:74)
	at PageObjects.Ccda_page.File_Upload_Success_Message_R1(Ccda_page.java:74)
	at PageObjects.Ccda_page.File_Upload_Success_Message_R1(Ccda_page.java:74)
	at PageObjects.Ccda_page.File_Upload_Success_Message_R1(Ccda_page.java:74)
	at PageObjects.Ccda_page.File_Upload_Success_Message_R1(Ccda_page.java:74)
	at PageObjects.Ccda_page.File_Upload_Success_Message_R1(Ccda_page.java:74)
	at PageObjects.Ccda_page.File_Upload_Success_Message_R1(Ccda_page.java:74)
	at PageObjects.Ccda_page.File_Upload_Success_Message_R1(Ccda_page.java:74)
	at PageObjects.Ccda_page.File_Upload_Success_Message_R1(Ccda_page.java:74)
	at PageObjects.Ccda_page.File_Upload_Success_Message_R1(Ccda_page.java:74)
	at PageObjects.Ccda_page.File_Upload_Success_Message_R1(Ccda_page.java:74)
	at PageObjects.Ccda_page.File_Upload_Success_Message_R1(Ccda_page.java:74)
	at PageObjects.Ccda_page.File_Upload_Success_Message_R1(Ccda_page.java:74)
	at PageObjects.Ccda_page.File_Upload_Success_Message_R1(Ccda_page.java:74)
	at PageObjects.Ccda_page.File_Upload_Success_Message_R1(Ccda_page.java:74)
	at PageObjects.Ccda_page.File_Upload_Success_Message_R1(Ccda_page.java:74)
	at PageObjects.Ccda_page.File_Upload_Success_Message_R1(Ccda_page.java:74)
	at PageObjects.Ccda_page.File_Upload_Success_Message_R1(Ccda_page.java:74)
	at PageObjects.Ccda_page.File_Upload_Success_Message_R1(Ccda_page.java:74)
	at PageObjects.Ccda_page.File_Upload_Success_Message_R1(Ccda_page.java:74)
	at PageObjects.Ccda_page.File_Upload_Success_Message_R1(Ccda_page.java:74)
	at PageObjects.Ccda_page.File_Upload_Success_Message_R1(Ccda_page.java:74)
	at PageObjects.Ccda_page.File_Upload_Success_Message_R1(Ccda_page.java:74)
	at PageObjects.Ccda_page.File_Upload_Success_Message_R1(Ccda_page.java:74)
	at PageObjects.Ccda_page.File_Upload_Success_Message_R1(Ccda_page.java:74)
	at PageObjects.Ccda_page.File_Upload_Success_Message_R1(Ccda_page.java:74)
	at PageObjects.Ccda_page.File_Upload_Success_Message_R1(Ccda_page.java:74)
	at PageObjects.Ccda_page.File_Upload_Success_Message_R1(Ccda_page.java:74)
	at PageObjects.Ccda_page.File_Upload_Success_Message_R1(Ccda_page.java:74)
	at PageObjects.Ccda_page.File_Upload_Success_Message_R1(Ccda_page.java:74)
	at PageObjects.Ccda_page.File_Upload_Success_Message_R1(Ccda_page.java:74)
	at PageObjects.Ccda_page.File_Upload_Success_Message_R1(Ccda_page.java:74)
	at PageObjects.Ccda_page.File_Upload_Success_Message_R1(Ccda_page.java:74)
	at PageObjects.Ccda_page.File_Upload_Success_Message_R1(Ccda_page.java:74)
	at PageObjects.Ccda_page.File_Upload_Success_Message_R1(Ccda_page.java:74)
	at PageObjects.Ccda_page.File_Upload_Success_Message_R1(Ccda_page.java:74)
	at PageObjects.Ccda_page.File_Upload_Success_Message_R1(Ccda_page.java:74)
	at PageObjects.Ccda_page.File_Upload_Success_Message_R1(Ccda_page.java:74)
	at PageObjects.Ccda_page.File_Upload_Success_Message_R1(Ccda_page.java:74)
	at PageObjects.Ccda_page.File_Upload_Success_Message_R1(Ccda_page.java:74)
	at PageObjects.Ccda_page.File_Upload_Success_Message_R1(Ccda_page.java:74)
	at PageObjects.Ccda_page.File_Upload_Success_Message_R1(Ccda_page.java:74)
	at PageObjects.Ccda_page.File_Upload_Success_Message_R1(Ccda_page.java:74)
	at PageObjects.Ccda_page.File_Upload_Success_Message_R1(Ccda_page.java:74)
	at PageObjects.Ccda_page.File_Upload_Success_Message_R1(Ccda_page.java:74)
	at PageObjects.Ccda_page.File_Upload_Success_Message_R1(Ccda_page.java:74)
	at PageObjects.Ccda_page.File_Upload_Success_Message_R1(Ccda_page.java:74)
	at PageObjects.Ccda_page.File_Upload_Success_Message_R1(Ccda_page.java:74)
	at PageObjects.Ccda_page.File_Upload_Success_Message_R1(Ccda_page.java:74)
	at PageObjects.Ccda_page.File_Upload_Success_Message_R1(Ccda_page.java:74)
	at PageObjects.Ccda_page.File_Upload_Success_Message_R1(Ccda_page.java:74)
	at PageObjects.Ccda_page.File_Upload_Success_Message_R1(Ccda_page.java:74)
	at PageObjects.Ccda_page.File_Upload_Success_Message_R1(Ccda_page.java:74)
	at PageObjects.Ccda_page.File_Upload_Success_Message_R1(Ccda_page.java:74)
	at PageObjects.Ccda_page.File_Upload_Success_Message_R1(Ccda_page.java:74)
	at PageObjects.Ccda_page.File_Upload_Success_Message_R1(Ccda_page.java:74)
	at PageObjects.Ccda_page.File_Upload_Success_Message_R1(Ccda_page.java:74)
	at PageObjects.Ccda_page.File_Upload_Success_Message_R1(Ccda_page.java:74)
	at PageObjects.Ccda_page.File_Upload_Success_Message_R1(Ccda_page.java:74)
	at PageObjects.Ccda_page.File_Upload_Success_Message_R1(Ccda_page.java:74)
	at PageObjects.Ccda_page.File_Upload_Success_Message_R1(Ccda_page.java:74)
	at PageObjects.Ccda_page.File_Upload_Success_Message_R1(Ccda_page.java:74)
	at PageObjects.Ccda_page.File_Upload_Success_Message_R1(Ccda_page.java:74)
	at PageObjects.Ccda_page.File_Upload_Success_Message_R1(Ccda_page.java:74)
	at PageObjects.Ccda_page.File_Upload_Success_Message_R1(Ccda_page.java:74)
	at PageObjects.Ccda_page.File_Upload_Success_Message_R1(Ccda_page.java:74)
	at PageObjects.Ccda_page.File_Upload_Success_Message_R1(Ccda_page.java:74)
	at PageObjects.Ccda_page.File_Upload_Success_Message_R1(Ccda_page.java:74)
	at PageObjects.Ccda_page.File_Upload_Success_Message_R1(Ccda_page.java:74)
	at PageObjects.Ccda_page.File_Upload_Success_Message_R1(Ccda_page.java:74)
	at PageObjects.Ccda_page.File_Upload_Success_Message_R1(Ccda_page.java:74)
	at PageObjects.Ccda_page.File_Upload_Success_Message_R1(Ccda_page.java:74)
	at PageObjects.Ccda_page.File_Upload_Success_Message_R1(Ccda_page.java:74)
	at PageObjects.Ccda_page.File_Upload_Success_Message_R1(Ccda_page.java:74)
	at PageObjects.Ccda_page.File_Upload_Success_Message_R1(Ccda_page.java:74)
	at PageObjects.Ccda_page.File_Upload_Success_Message_R1(Ccda_page.java:74)
	at PageObjects.Ccda_page.File_Upload_Success_Message_R1(Ccda_page.java:74)
	at PageObjects.Ccda_page.File_Upload_Success_Message_R1(Ccda_page.java:74)
	at PageObjects.Ccda_page.File_Upload_Success_Message_R1(Ccda_page.java:74)
	at PageObjects.Ccda_page.File_Upload_Success_Message_R1(Ccda_page.java:74)
	at PageObjects.Ccda_page.File_Upload_Success_Message_R1(Ccda_page.java:74)
	at PageObjects.Ccda_page.File_Upload_Success_Message_R1(Ccda_page.java:74)
	at PageObjects.Ccda_page.File_Upload_Success_Message_R1(Ccda_page.java:74)
	at PageObjects.Ccda_page.File_Upload_Success_Message_R1(Ccda_page.java:74)
	at PageObjects.Ccda_page.File_Upload_Success_Message_R1(Ccda_page.java:74)
	at PageObjects.Ccda_page.File_Upload_Success_Message_R1(Ccda_page.java:74)
	at PageObjects.Ccda_page.File_Upload_Success_Message_R1(Ccda_page.java:74)
	at PageObjects.Ccda_page.File_Upload_Success_Message_R1(Ccda_page.java:74)
	at PageObjects.Ccda_page.File_Upload_Success_Message_R1(Ccda_page.java:74)
	at PageObjects.Ccda_page.File_Upload_Success_Message_R1(Ccda_page.java:74)
	at PageObjects.Ccda_page.File_Upload_Success_Message_R1(Ccda_page.java:74)
	at PageObjects.Ccda_page.File_Upload_Success_Message_R1(Ccda_page.java:74)
	at PageObjects.Ccda_page.File_Upload_Success_Message_R1(Ccda_page.java:74)
	at PageObjects.Ccda_page.File_Upload_Success_Message_R1(Ccda_page.java:74)
	at PageObjects.Ccda_page.File_Upload_Success_Message_R1(Ccda_page.java:74)
	at PageObjects.Ccda_page.File_Upload_Success_Message_R1(Ccda_page.java:74)
	at PageObjects.Ccda_page.File_Upload_Success_Message_R1(Ccda_page.java:74)
	at PageObjects.Ccda_page.File_Upload_Success_Message_R1(Ccda_page.java:74)
	at PageObjects.Ccda_page.File_Upload_Success_Message_R1(Ccda_page.java:74)
	at PageObjects.Ccda_page.File_Upload_Success_Message_R1(Ccda_page.java:74)
	at PageObjects.Ccda_page.File_Upload_Success_Message_R1(Ccda_page.java:74)
	at PageObjects.Ccda_page.File_Upload_Success_Message_R1(Ccda_page.java:74)
	at PageObjects.Ccda_page.File_Upload_Success_Message_R1(Ccda_page.java:74)
	at PageObjects.Ccda_page.File_Upload_Success_Message_R1(Ccda_page.java:74)
	at PageObjects.Ccda_page.File_Upload_Success_Message_R1(Ccda_page.java:74)
	at PageObjects.Ccda_page.File_Upload_Success_Message_R1(Ccda_page.java:74)
	at PageObjects.Ccda_page.File_Upload_Success_Message_R1(Ccda_page.java:74)
	at PageObjects.Ccda_page.File_Upload_Success_Message_R1(Ccda_page.java:74)
	at PageObjects.Ccda_page.File_Upload_Success_Message_R1(Ccda_page.java:74)
	at PageObjects.Ccda_page.File_Upload_Success_Message_R1(Ccda_page.java:74)
	at PageObjects.Ccda_page.File_Upload_Success_Message_R1(Ccda_page.java:74)
	at PageObjects.Ccda_page.File_Upload_Success_Message_R1(Ccda_page.java:74)
	at PageObjects.Ccda_page.File_Upload_Success_Message_R1(Ccda_page.java:74)
	at PageObjects.Ccda_page.File_Upload_Success_Message_R1(Ccda_page.java:74)
	at PageObjects.Ccda_page.File_Upload_Success_Message_R1(Ccda_page.java:74)
	at PageObjects.Ccda_page.File_Upload_Success_Message_R1(Ccda_page.java:74)
	at PageObjects.Ccda_page.File_Upload_Success_Message_R1(Ccda_page.java:74)
	at PageObjects.Ccda_page.File_Upload_Success_Message_R1(Ccda_page.java:74)
	at PageObjects.Ccda_page.File_Upload_Success_Message_R1(Ccda_page.java:74)
	at PageObjects.Ccda_page.File_Upload_Success_Message_R1(Ccda_page.java:74)
	at PageObjects.Ccda_page.File_Upload_Success_Message_R1(Ccda_page.java:74)
	at PageObjects.Ccda_page.File_Upload_Success_Message_R1(Ccda_page.java:74)
	at PageObjects.Ccda_page.File_Upload_Success_Message_R1(Ccda_page.java:74)
	at PageObjects.Ccda_page.File_Upload_Success_Message_R1(Ccda_page.java:74)
	at PageObjects.Ccda_page.File_Upload_Success_Message_R1(Ccda_page.java:74)
	at PageObjects.Ccda_page.File_Upload_Success_Message_R1(Ccda_page.java:74)
	at PageObjects.Ccda_page.File_Upload_Success_Message_R1(Ccda_page.java:74)
	at PageObjects.Ccda_page.File_Upload_Success_Message_R1(Ccda_page.java:74)
	at PageObjects.Ccda_page.File_Upload_Success_Message_R1(Ccda_page.java:74)
	at PageObjects.Ccda_page.File_Upload_Success_Message_R1(Ccda_page.java:74)
	at PageObjects.Ccda_page.File_Upload_Success_Message_R1(Ccda_page.java:74)
	at PageObjects.Ccda_page.File_Upload_Success_Message_R1(Ccda_page.java:74)
	at PageObjects.Ccda_page.File_Upload_Success_Message_R1(Ccda_page.java:74)
	at PageObjects.Ccda_page.File_Upload_Success_Message_R1(Ccda_page.java:74)
	at PageObjects.Ccda_page.File_Upload_Success_Message_R1(Ccda_page.java:74)
	at PageObjects.Ccda_page.File_Upload_Success_Message_R1(Ccda_page.java:74)
	at PageObjects.Ccda_page.File_Upload_Success_Message_R1(Ccda_page.java:74)
	at PageObjects.Ccda_page.File_Upload_Success_Message_R1(Ccda_page.java:74)
	at PageObjects.Ccda_page.File_Upload_Success_Message_R1(Ccda_page.java:74)
	at PageObjects.Ccda_page.File_Upload_Success_Message_R1(Ccda_page.java:74)
	at PageObjects.Ccda_page.File_Upload_Success_Message_R1(Ccda_page.java:74)
	at PageObjects.Ccda_page.File_Upload_Success_Message_R1(Ccda_page.java:74)
	at PageObjects.Ccda_page.File_Upload_Success_Message_R1(Ccda_page.java:74)
	at PageObjects.Ccda_page.File_Upload_Success_Message_R1(Ccda_page.java:74)
	at PageObjects.Ccda_page.File_Upload_Success_Message_R1(Ccda_page.java:74)
	at PageObjects.Ccda_page.File_Upload_Success_Message_R1(Ccda_page.java:74)
	at PageObjects.Ccda_page.File_Upload_Success_Message_R1(Ccda_page.java:74)
	at PageObjects.Ccda_page.File_Upload_Success_Message_R1(Ccda_page.java:74)
	at PageObjects.Ccda_page.File_Upload_Success_Message_R1(Ccda_page.java:74)
	at PageObjects.Ccda_page.File_Upload_Success_Message_R1(Ccda_page.java:74)
	at PageObjects.Ccda_page.File_Upload_Success_Message_R1(Ccda_page.java:74)
	at PageObjects.Ccda_page.File_Upload_Success_Message_R1(Ccda_page.java:74)
	at PageObjects.Ccda_page.File_Upload_Success_Message_R1(Ccda_page.java:74)
	at PageObjects.Ccda_page.File_Upload_Success_Message_R1(Ccda_page.java:74)
	at PageObjects.Ccda_page.File_Upload_Success_Message_R1(Ccda_page.java:74)
	at PageObjects.Ccda_page.File_Upload_Success_Message_R1(Ccda_page.java:74)
	at PageObjects.Ccda_page.File_Upload_Success_Message_R1(Ccda_page.java:74)
	at PageObjects.Ccda_page.File_Upload_Success_Message_R1(Ccda_page.java:74)
	at PageObjects.Ccda_page.File_Upload_Success_Message_R1(Ccda_page.java:74)
	at PageObjects.Ccda_page.File_Upload_Success_Message_R1(Ccda_page.java:74)
	at PageObjects.Ccda_page.File_Upload_Success_Message_R1(Ccda_page.java:74)
	at PageObjects.Ccda_page.File_Upload_Success_Message_R1(Ccda_page.java:74)
	at PageObjects.Ccda_page.File_Upload_Success_Message_R1(Ccda_page.java:74)
	at PageObjects.Ccda_page.File_Upload_Success_Message_R1(Ccda_page.java:74)
	at PageObjects.Ccda_page.File_Upload_Success_Message_R1(Ccda_page.java:74)
	at PageObjects.Ccda_page.File_Upload_Success_Message_R1(Ccda_page.java:74)
	at PageObjects.Ccda_page.File_Upload_Success_Message_R1(Ccda_page.java:74)
	at PageObjects.Ccda_page.File_Upload_Success_Message_R1(Ccda_page.java:74)
	at PageObjects.Ccda_page.File_Upload_Success_Message_R1(Ccda_page.java:74)
	at PageObjects.Ccda_page.File_Upload_Success_Message_R1(Ccda_page.java:74)
	at PageObjects.Ccda_page.File_Upload_Success_Message_R1(Ccda_page.java:74)
	at PageObjects.Ccda_page.File_Upload_Success_Message_R1(Ccda_page.java:74)
	at PageObjects.Ccda_page.File_Upload_Success_Message_R1(Ccda_page.java:74)
	at PageObjects.Ccda_page.File_Upload_Success_Message_R1(Ccda_page.java:74)
	at PageObjects.Ccda_page.File_Upload_Success_Message_R1(Ccda_page.java:74)
	at PageObjects.Ccda_page.File_Upload_Success_Message_R1(Ccda_page.java:74)
	at PageObjects.Ccda_page.File_Upload_Success_Message_R1(Ccda_page.java:74)
	at PageObjects.Ccda_page.File_Upload_Success_Message_R1(Ccda_page.java:74)
	at PageObjects.Ccda_page.File_Upload_Success_Message_R1(Ccda_page.java:74)
	at PageObjects.Ccda_page.File_Upload_Success_Message_R1(Ccda_page.java:74)
	at PageObjects.Ccda_page.File_Upload_Success_Message_R1(Ccda_page.java:74)
	at PageObjects.Ccda_page.File_Upload_Success_Message_R1(Ccda_page.java:74)
	at PageObjects.Ccda_page.File_Upload_Success_Message_R1(Ccda_page.java:74)
	at PageObjects.Ccda_page.File_Upload_Success_Message_R1(Ccda_page.java:74)
	at PageObjects.Ccda_page.File_Upload_Success_Message_R1(Ccda_page.java:74)
	at PageObjects.Ccda_page.File_Upload_Success_Message_R1(Ccda_page.java:74)
	at PageObjects.Ccda_page.File_Upload_Success_Message_R1(Ccda_page.java:74)
	at PageObjects.Ccda_page.File_Upload_Success_Message_R1(Ccda_page.java:74)
	at PageObjects.Ccda_page.File_Upload_Success_Message_R1(Ccda_page.java:74)
	at PageObjects.Ccda_page.File_Upload_Success_Message_R1(Ccda_page.java:74)
	at PageObjects.Ccda_page.File_Upload_Success_Message_R1(Ccda_page.java:74)
	at PageObjects.Ccda_page.File_Upload_Success_Message_R1(Ccda_page.java:74)
	at PageObjects.Ccda_page.File_Upload_Success_Message_R1(Ccda_page.java:74)
	at PageObjects.Ccda_page.File_Upload_Success_Message_R1(Ccda_page.java:74)
	at PageObjects.Ccda_page.File_Upload_Success_Message_R1(Ccda_page.java:74)
	at PageObjects.Ccda_page.File_Upload_Success_Message_R1(Ccda_page.java:74)
	at PageObjects.Ccda_page.File_Upload_Success_Message_R1(Ccda_page.java:74)
	at PageObjects.Ccda_page.File_Upload_Success_Message_R1(Ccda_page.java:74)
	at PageObjects.Ccda_page.File_Upload_Success_Message_R1(Ccda_page.java:74)
	at PageObjects.Ccda_page.File_Upload_Success_Message_R1(Ccda_page.java:74)
	at PageObjects.Ccda_page.File_Upload_Success_Message_R1(Ccda_page.java:74)
	at PageObjects.Ccda_page.File_Upload_Success_Message_R1(Ccda_page.java:74)
	at PageObjects.Ccda_page.File_Upload_Success_Message_R1(Ccda_page.java:74)
	at PageObjects.Ccda_page.File_Upload_Success_Message_R1(Ccda_page.java:74)
	at PageObjects.Ccda_page.File_Upload_Success_Message_R1(Ccda_page.java:74)
	at PageObjects.Ccda_page.File_Upload_Success_Message_R1(Ccda_page.java:74)
	at PageObjects.Ccda_page.File_Upload_Success_Message_R1(Ccda_page.java:74)
	at PageObjects.Ccda_page.File_Upload_Success_Message_R1(Ccda_page.java:74)
	at PageObjects.Ccda_page.File_Upload_Success_Message_R1(Ccda_page.java:74)
	at PageObjects.Ccda_page.File_Upload_Success_Message_R1(Ccda_page.java:74)
	at PageObjects.Ccda_page.File_Upload_Success_Message_R1(Ccda_page.java:74)
	at PageObjects.Ccda_page.File_Upload_Success_Message_R1(Ccda_page.java:74)
	at PageObjects.Ccda_page.File_Upload_Success_Message_R1(Ccda_page.java:74)
	at PageObjects.Ccda_page.File_Upload_Success_Message_R1(Ccda_page.java:74)
	at PageObjects.Ccda_page.File_Upload_Success_Message_R1(Ccda_page.java:74)
	at PageObjects.Ccda_page.File_Upload_Success_Message_R1(Ccda_page.java:74)
	at PageObjects.Ccda_page.File_Upload_Success_Message_R1(Ccda_page.java:74)
	at PageObjects.Ccda_page.File_Upload_Success_Message_R1(Ccda_page.java:74)
	at PageObjects.Ccda_page.File_Upload_Success_Message_R1(Ccda_page.java:74)
	at PageObjects.Ccda_page.File_Upload_Success_Message_R1(Ccda_page.java:74)
	at PageObjects.Ccda_page.File_Upload_Success_Message_R1(Ccda_page.java:74)
	at PageObjects.Ccda_page.File_Upload_Success_Message_R1(Ccda_page.java:74)
	at PageObjects.Ccda_page.File_Upload_Success_Message_R1(Ccda_page.java:74)
	at PageObjects.Ccda_page.File_Upload_Success_Message_R1(Ccda_page.java:74)
	at PageObjects.Ccda_page.File_Upload_Success_Message_R1(Ccda_page.java:74)
	at PageObjects.Ccda_page.File_Upload_Success_Message_R1(Ccda_page.java:74)
	at PageObjects.Ccda_page.File_Upload_Success_Message_R1(Ccda_page.java:74)
	at PageObjects.Ccda_page.File_Upload_Success_Message_R1(Ccda_page.java:74)
	at PageObjects.Ccda_page.File_Upload_Success_Message_R1(Ccda_page.java:74)
	at PageObjects.Ccda_page.File_Upload_Success_Message_R1(Ccda_page.java:74)
	at PageObjects.Ccda_page.File_Upload_Success_Message_R1(Ccda_page.java:74)
	at PageObjects.Ccda_page.File_Upload_Success_Message_R1(Ccda_page.java:74)
	at PageObjects.Ccda_page.File_Upload_Success_Message_R1(Ccda_page.java:74)
	at PageObjects.Ccda_page.File_Upload_Success_Message_R1(Ccda_page.java:74)
	at PageObjects.Ccda_page.File_Upload_Success_Message_R1(Ccda_page.java:74)
	at PageObjects.Ccda_page.File_Upload_Success_Message_R1(Ccda_page.java:74)
	at PageObjects.Ccda_page.File_Upload_Success_Message_R1(Ccda_page.java:74)
	at PageObjects.Ccda_page.File_Upload_Success_Message_R1(Ccda_page.java:74)
	at PageObjects.Ccda_page.File_Upload_Success_Message_R1(Ccda_page.java:74)
	at PageObjects.Ccda_page.File_Upload_Success_Message_R1(Ccda_page.java:74)
	at PageObjects.Ccda_page.File_Upload_Success_Message_R1(Ccda_page.java:74)
	at PageObjects.Ccda_page.File_Upload_Success_Message_R1(Ccda_page.java:74)
	at PageObjects.Ccda_page.File_Upload_Success_Message_R1(Ccda_page.java:74)
	at PageObjects.Ccda_page.File_Upload_Success_Message_R1(Ccda_page.java:74)
	at PageObjects.Ccda_page.File_Upload_Success_Message_R1(Ccda_page.java:74)
	at PageObjects.Ccda_page.File_Upload_Success_Message_R1(Ccda_page.java:74)
	at PageObjects.Ccda_page.File_Upload_Success_Message_R1(Ccda_page.java:74)
	at PageObjects.Ccda_page.File_Upload_Success_Message_R1(Ccda_page.java:74)
	at PageObjects.Ccda_page.File_Upload_Success_Message_R1(Ccda_page.java:74)
	at PageObjects.Ccda_page.File_Upload_Success_Message_R1(Ccda_page.java:74)
	at PageObjects.Ccda_page.File_Upload_Success_Message_R1(Ccda_page.java:74)
	at PageObjects.Ccda_page.File_Upload_Success_Message_R1(Ccda_page.java:74)
	at PageObjects.Ccda_page.File_Upload_Success_Message_R1(Ccda_page.java:74)
	at PageObjects.Ccda_page.File_Upload_Success_Message_R1(Ccda_page.java:74)
	at PageObjects.Ccda_page.File_Upload_Success_Message_R1(Ccda_page.java:74)
	at PageObjects.Ccda_page.File_Upload_Success_Message_R1(Ccda_page.java:74)
	at PageObjects.Ccda_page.File_Upload_Success_Message_R1(Ccda_page.java:74)
	at PageObjects.Ccda_page.File_Upload_Success_Message_R1(Ccda_page.java:74)
	at PageObjects.Ccda_page.File_Upload_Success_Message_R1(Ccda_page.java:74)
	at PageObjects.Ccda_page.File_Upload_Success_Message_R1(Ccda_page.java:74)
	at PageObjects.Ccda_page.File_Upload_Success_Message_R1(Ccda_page.java:74)
	at PageObjects.Ccda_page.File_Upload_Success_Message_R1(Ccda_page.java:74)
	at PageObjects.Ccda_page.File_Upload_Success_Message_R1(Ccda_page.java:74)
	at PageObjects.Ccda_page.File_Upload_Success_Message_R1(Ccda_page.java:74)
	at PageObjects.Ccda_page.File_Upload_Success_Message_R1(Ccda_page.java:74)
	at PageObjects.Ccda_page.File_Upload_Success_Message_R1(Ccda_page.java:74)
	at PageObjects.Ccda_page.File_Upload_Success_Message_R1(Ccda_page.java:74)
	at PageObjects.Ccda_page.File_Upload_Success_Message_R1(Ccda_page.java:74)
	at PageObjects.Ccda_page.File_Upload_Success_Message_R1(Ccda_page.java:74)
	at PageObjects.Ccda_page.File_Upload_Success_Message_R1(Ccda_page.java:74)
	at PageObjects.Ccda_page.File_Upload_Success_Message_R1(Ccda_page.java:74)
	at PageObjects.Ccda_page.File_Upload_Success_Message_R1(Ccda_page.java:74)
	at PageObjects.Ccda_page.File_Upload_Success_Message_R1(Ccda_page.java:74)
	at PageObjects.Ccda_page.File_Upload_Success_Message_R1(Ccda_page.java:74)
	at PageObjects.Ccda_page.File_Upload_Success_Message_R1(Ccda_page.java:74)
	at PageObjects.Ccda_page.File_Upload_Success_Message_R1(Ccda_page.java:74)
	at PageObjects.Ccda_page.File_Upload_Success_Message_R1(Ccda_page.java:74)
	at PageObjects.Ccda_page.File_Upload_Success_Message_R1(Ccda_page.java:74)
	at PageObjects.Ccda_page.File_Upload_Success_Message_R1(Ccda_page.java:74)
	at PageObjects.Ccda_page.File_Upload_Success_Message_R1(Ccda_page.java:74)
	at PageObjects.Ccda_page.File_Upload_Success_Message_R1(Ccda_page.java:74)
	at PageObjects.Ccda_page.File_Upload_Success_Message_R1(Ccda_page.java:74)
	at PageObjects.Ccda_page.File_Upload_Success_Message_R1(Ccda_page.java:74)
	at PageObjects.Ccda_page.File_Upload_Success_Message_R1(Ccda_page.java:74)
	at PageObjects.Ccda_page.File_Upload_Success_Message_R1(Ccda_page.java:74)
	at PageObjects.Ccda_page.File_Upload_Success_Message_R1(Ccda_page.java:74)
	at PageObjects.Ccda_page.File_Upload_Success_Message_R1(Ccda_page.java:74)
	at PageObjects.Ccda_page.File_Upload_Success_Message_R1(Ccda_page.java:74)
	at PageObjects.Ccda_page.File_Upload_Success_Message_R1(Ccda_page.java:74)
	at PageObjects.Ccda_page.File_Upload_Success_Message_R1(Ccda_page.java:74)
	at PageObjects.Ccda_page.File_Upload_Success_Message_R1(Ccda_page.java:74)
	at PageObjects.Ccda_page.File_Upload_Success_Message_R1(Ccda_page.java:74)
	at PageObjects.Ccda_page.File_Upload_Success_Message_R1(Ccda_page.java:74)
	at PageObjects.Ccda_page.File_Upload_Success_Message_R1(Ccda_page.java:74)
	at PageObjects.Ccda_page.File_Upload_Success_Message_R1(Ccda_page.java:74)
	at PageObjects.Ccda_page.File_Upload_Success_Message_R1(Ccda_page.java:74)
	at PageObjects.Ccda_page.File_Upload_Success_Message_R1(Ccda_page.java:74)
	at PageObjects.Ccda_page.File_Upload_Success_Message_R1(Ccda_page.java:74)
	at PageObjects.Ccda_page.File_Upload_Success_Message_R1(Ccda_page.java:74)
	at PageObjects.Ccda_page.File_Upload_Success_Message_R1(Ccda_page.java:74)
	at PageObjects.Ccda_page.File_Upload_Success_Message_R1(Ccda_page.java:74)
	at PageObjects.Ccda_page.File_Upload_Success_Message_R1(Ccda_page.java:74)
	at PageObjects.Ccda_page.File_Upload_Success_Message_R1(Ccda_page.java:74)
	at PageObjects.Ccda_page.File_Upload_Success_Message_R1(Ccda_page.java:74)
	at PageObjects.Ccda_page.File_Upload_Success_Message_R1(Ccda_page.java:74)
	at PageObjects.Ccda_page.File_Upload_Success_Message_R1(Ccda_page.java:74)
	at PageObjects.Ccda_page.File_Upload_Success_Message_R1(Ccda_page.java:74)
	at PageObjects.Ccda_page.File_Upload_Success_Message_R1(Ccda_page.java:74)
	at PageObjects.Ccda_page.File_Upload_Success_Message_R1(Ccda_page.java:74)
	at PageObjects.Ccda_page.File_Upload_Success_Message_R1(Ccda_page.java:74)
	at PageObjects.Ccda_page.File_Upload_Success_Message_R1(Ccda_page.java:74)
	at PageObjects.Ccda_page.File_Upload_Success_Message_R1(Ccda_page.java:74)
	at PageObjects.Ccda_page.File_Upload_Success_Message_R1(Ccda_page.java:74)
	at PageObjects.Ccda_page.File_Upload_Success_Message_R1(Ccda_page.java:74)
	at PageObjects.Ccda_page.File_Upload_Success_Message_R1(Ccda_page.java:74)
	at PageObjects.Ccda_page.File_Upload_Success_Message_R1(Ccda_page.java:74)
	at PageObjects.Ccda_page.File_Upload_Success_Message_R1(Ccda_page.java:74)
	at PageObjects.Ccda_page.File_Upload_Success_Message_R1(Ccda_page.java:74)
	at PageObjects.Ccda_page.File_Upload_Success_Message_R1(Ccda_page.java:74)
	at PageObjects.Ccda_page.File_Upload_Success_Message_R1(Ccda_page.java:74)
	at PageObjects.Ccda_page.File_Upload_Success_Message_R1(Ccda_page.java:74)
	at PageObjects.Ccda_page.File_Upload_Success_Message_R1(Ccda_page.java:74)
	at PageObjects.Ccda_page.File_Upload_Success_Message_R1(Ccda_page.java:74)
	at PageObjects.Ccda_page.File_Upload_Success_Message_R1(Ccda_page.java:74)
	at PageObjects.Ccda_page.File_Upload_Success_Message_R1(Ccda_page.java:74)
	at PageObjects.Ccda_page.File_Upload_Success_Message_R1(Ccda_page.java:74)
	at PageObjects.Ccda_page.File_Upload_Success_Message_R1(Ccda_page.java:74)
	at PageObjects.Ccda_page.File_Upload_Success_Message_R1(Ccda_page.java:74)
	at PageObjects.Ccda_page.File_Upload_Success_Message_R1(Ccda_page.java:74)
	at PageObjects.Ccda_page.File_Upload_Success_Message_R1(Ccda_page.java:74)
	at PageObjects.Ccda_page.File_Upload_Success_Message_R1(Ccda_page.java:74)
	at PageObjects.Ccda_page.File_Upload_Success_Message_R1(Ccda_page.java:74)
	at PageObjects.Ccda_page.File_Upload_Success_Message_R1(Ccda_page.java:74)
	at PageObjects.Ccda_page.File_Upload_Success_Message_R1(Ccda_page.java:74)
	at PageObjects.Ccda_page.File_Upload_Success_Message_R1(Ccda_page.java:74)
	at PageObjects.Ccda_page.File_Upload_Success_Message_R1(Ccda_page.java:74)
	at PageObjects.Ccda_page.File_Upload_Success_Message_R1(Ccda_page.java:74)
	at PageObjects.Ccda_page.File_Upload_Success_Message_R1(Ccda_page.java:74)
	at PageObjects.Ccda_page.File_Upload_Success_Message_R1(Ccda_page.java:74)
	at PageObjects.Ccda_page.File_Upload_Success_Message_R1(Ccda_page.java:74)
	at PageObjects.Ccda_page.File_Upload_Success_Message_R1(Ccda_page.java:74)
	at PageObjects.Ccda_page.File_Upload_Success_Message_R1(Ccda_page.java:74)
	at PageObjects.Ccda_page.File_Upload_Success_Message_R1(Ccda_page.java:74)
	at PageObjects.Ccda_page.File_Upload_Success_Message_R1(Ccda_page.java:74)
	at PageObjects.Ccda_page.File_Upload_Success_Message_R1(Ccda_page.java:74)
	at PageObjects.Ccda_page.File_Upload_Success_Message_R1(Ccda_page.java:74)
	at PageObjects.Ccda_page.File_Upload_Success_Message_R1(Ccda_page.java:74)
	at PageObjects.Ccda_page.File_Upload_Success_Message_R1(Ccda_page.java:74)
	at PageObjects.Ccda_page.File_Upload_Success_Message_R1(Ccda_page.java:74)
	at PageObjects.Ccda_page.File_Upload_Success_Message_R1(Ccda_page.java:74)
	at PageObjects.Ccda_page.File_Upload_Success_Message_R1(Ccda_page.java:74)
	at PageObjects.Ccda_page.File_Upload_Success_Message_R1(Ccda_page.java:74)
	at PageObjects.Ccda_page.File_Upload_Success_Message_R1(Ccda_page.java:74)
	at PageObjects.Ccda_page.File_Upload_Success_Message_R1(Ccda_page.java:74)
	at PageObjects.Ccda_page.File_Upload_Success_Message_R1(Ccda_page.java:74)
	at PageObjects.Ccda_page.File_Upload_Success_Message_R1(Ccda_page.java:74)
	at PageObjects.Ccda_page.File_Upload_Success_Message_R1(Ccda_page.java:74)
	at PageObjects.Ccda_page.File_Upload_Success_Message_R1(Ccda_page.java:74)
	at PageObjects.Ccda_page.File_Upload_Success_Message_R1(Ccda_page.java:74)
	at PageObjects.Ccda_page.File_Upload_Success_Message_R1(Ccda_page.java:74)
	at PageObjects.Ccda_page.File_Upload_Success_Message_R1(Ccda_page.java:74)
	at PageObjects.Ccda_page.File_Upload_Success_Message_R1(Ccda_page.java:74)
	at PageObjects.Ccda_page.File_Upload_Success_Message_R1(Ccda_page.java:74)
	at PageObjects.Ccda_page.File_Upload_Success_Message_R1(Ccda_page.java:74)
	at PageObjects.Ccda_page.File_Upload_Success_Message_R1(Ccda_page.java:74)
	at PageObjects.Ccda_page.File_Upload_Success_Message_R1(Ccda_page.java:74)
	at PageObjects.Ccda_page.File_Upload_Success_Message_R1(Ccda_page.java:74)
	at PageObjects.Ccda_page.File_Upload_Success_Message_R1(Ccda_page.java:74)
	at PageObjects.Ccda_page.File_Upload_Success_Message_R1(Ccda_page.java:74)
	at PageObjects.Ccda_page.File_Upload_Success_Message_R1(Ccda_page.java:74)
	at PageObjects.Ccda_page.File_Upload_Success_Message_R1(Ccda_page.java:74)
	at PageObjects.Ccda_page.File_Upload_Success_Message_R1(Ccda_page.java:74)
	at PageObjects.Ccda_page.File_Upload_Success_Message_R1(Ccda_page.java:74)
	at PageObjects.Ccda_page.File_Upload_Success_Message_R1(Ccda_page.java:74)
	at PageObjects.Ccda_page.File_Upload_Success_Message_R1(Ccda_page.java:74)
	at PageObjects.Ccda_page.File_Upload_Success_Message_R1(Ccda_page.java:74)
	at PageObjects.Ccda_page.File_Upload_Success_Message_R1(Ccda_page.java:74)
	at PageObjects.Ccda_page.File_Upload_Success_Message_R1(Ccda_page.java:74)
	at PageObjects.Ccda_page.File_Upload_Success_Message_R1(Ccda_page.java:74)
	at PageObjects.Ccda_page.File_Upload_Success_Message_R1(Ccda_page.java:74)
	at PageObjects.Ccda_page.File_Upload_Success_Message_R1(Ccda_page.java:74)
	at PageObjects.Ccda_page.File_Upload_Success_Message_R1(Ccda_page.java:74)
	at PageObjects.Ccda_page.File_Upload_Success_Message_R1(Ccda_page.java:74)
	at PageObjects.Ccda_page.File_Upload_Success_Message_R1(Ccda_page.java:74)
	at PageObjects.Ccda_page.File_Upload_Success_Message_R1(Ccda_page.java:74)
	at PageObjects.Ccda_page.File_Upload_Success_Message_R1(Ccda_page.java:74)
	at PageObjects.Ccda_page.File_Upload_Success_Message_R1(Ccda_page.java:74)
	at PageObjects.Ccda_page.File_Upload_Success_Message_R1(Ccda_page.java:74)
	at PageObjects.Ccda_page.File_Upload_Success_Message_R1(Ccda_page.java:74)
	at PageObjects.Ccda_page.File_Upload_Success_Message_R1(Ccda_page.java:74)
	at PageObjects.Ccda_page.File_Upload_Success_Message_R1(Ccda_page.java:74)
	at PageObjects.Ccda_page.File_Upload_Success_Message_R1(Ccda_page.java:74)
	at PageObjects.Ccda_page.File_Upload_Success_Message_R1(Ccda_page.java:74)
	at PageObjects.Ccda_page.File_Upload_Success_Message_R1(Ccda_page.java:74)
	at PageObjects.Ccda_page.File_Upload_Success_Message_R1(Ccda_page.java:74)
	at PageObjects.Ccda_page.File_Upload_Success_Message_R1(Ccda_page.java:74)
	at PageObjects.Ccda_page.File_Upload_Success_Message_R1(Ccda_page.java:74)
	at PageObjects.Ccda_page.File_Upload_Success_Message_R1(Ccda_page.java:74)
	at PageObjects.Ccda_page.File_Upload_Success_Message_R1(Ccda_page.java:74)
	at PageObjects.Ccda_page.File_Upload_Success_Message_R1(Ccda_page.java:74)
	at PageObjects.Ccda_page.File_Upload_Success_Message_R1(Ccda_page.java:74)
	at PageObjects.Ccda_page.File_Upload_Success_Message_R1(Ccda_page.java:74)
	at PageObjects.Ccda_page.File_Upload_Success_Message_R1(Ccda_page.java:74)
	at PageObjects.Ccda_page.File_Upload_Success_Message_R1(Ccda_page.java:74)
	at PageObjects.Ccda_page.File_Upload_Success_Message_R1(Ccda_page.java:74)
	at PageObjects.Ccda_page.File_Upload_Success_Message_R1(Ccda_page.java:74)
	at PageObjects.Ccda_page.File_Upload_Success_Message_R1(Ccda_page.java:74)
	at PageObjects.Ccda_page.File_Upload_Success_Message_R1(Ccda_page.java:74)
	at PageObjects.Ccda_page.File_Upload_Success_Message_R1(Ccda_page.java:74)
	at PageObjects.Ccda_page.File_Upload_Success_Message_R1(Ccda_page.java:74)
	at PageObjects.Ccda_page.File_Upload_Success_Message_R1(Ccda_page.java:74)
	at PageObjects.Ccda_page.File_Upload_Success_Message_R1(Ccda_page.java:74)
	at PageObjects.Ccda_page.File_Upload_Success_Message_R1(Ccda_page.java:74)
	at PageObjects.Ccda_page.File_Upload_Success_Message_R1(Ccda_page.java:74)
	at PageObjects.Ccda_page.File_Upload_Success_Message_R1(Ccda_page.java:74)
	at PageObjects.Ccda_page.File_Upload_Success_Message_R1(Ccda_page.java:74)
	at PageObjects.Ccda_page.File_Upload_Success_Message_R1(Ccda_page.java:74)
	at PageObjects.Ccda_page.File_Upload_Success_Message_R1(Ccda_page.java:74)
	at PageObjects.Ccda_page.File_Upload_Success_Message_R1(Ccda_page.java:74)
	at PageObjects.Ccda_page.File_Upload_Success_Message_R1(Ccda_page.java:74)
	at PageObjects.Ccda_page.File_Upload_Success_Message_R1(Ccda_page.java:74)
	at PageObjects.Ccda_page.File_Upload_Success_Message_R1(Ccda_page.java:74)
	at PageObjects.Ccda_page.File_Upload_Success_Message_R1(Ccda_page.java:74)
	at PageObjects.Ccda_page.File_Upload_Success_Message_R1(Ccda_page.java:74)
	at PageObjects.Ccda_page.File_Upload_Success_Message_R1(Ccda_page.java:74)
	at PageObjects.Ccda_page.File_Upload_Success_Message_R1(Ccda_page.java:74)
	at PageObjects.Ccda_page.File_Upload_Success_Message_R1(Ccda_page.java:74)
	at PageObjects.Ccda_page.File_Upload_Success_Message_R1(Ccda_page.java:74)
	at PageObjects.Ccda_page.File_Upload_Success_Message_R1(Ccda_page.java:74)
	at PageObjects.Ccda_page.File_Upload_Success_Message_R1(Ccda_page.java:74)
	at PageObjects.Ccda_page.File_Upload_Success_Message_R1(Ccda_page.java:74)
	at PageObjects.Ccda_page.File_Upload_Success_Message_R1(Ccda_page.java:74)
	at PageObjects.Ccda_page.File_Upload_Success_Message_R1(Ccda_page.java:74)
	at PageObjects.Ccda_page.File_Upload_Success_Message_R1(Ccda_page.java:74)
	at PageObjects.Ccda_page.File_Upload_Success_Message_R1(Ccda_page.java:74)
	at PageObjects.Ccda_page.File_Upload_Success_Message_R1(Ccda_page.java:74)
	at PageObjects.Ccda_page.File_Upload_Success_Message_R1(Ccda_page.java:74)
	at PageObjects.Ccda_page.File_Upload_Success_Message_R1(Ccda_page.java:74)
	at PageObjects.Ccda_page.File_Upload_Success_Message_R1(Ccda_page.java:74)
	at PageObjects.Ccda_page.File_Upload_Success_Message_R1(Ccda_page.java:74)
	at PageObjects.Ccda_page.File_Upload_Success_Message_R1(Ccda_page.java:74)
	at PageObjects.Ccda_page.File_Upload_Success_Message_R1(Ccda_page.java:74)
	at PageObjects.Ccda_page.File_Upload_Success_Message_R1(Ccda_page.java:74)
	at PageObjects.Ccda_page.File_Upload_Success_Message_R1(Ccda_page.java:74)
	at PageObjects.Ccda_page.File_Upload_Success_Message_R1(Ccda_page.java:74)
	at PageObjects.Ccda_page.File_Upload_Success_Message_R1(Ccda_page.java:74)
	at PageObjects.Ccda_page.File_Upload_Success_Message_R1(Ccda_page.java:74)
	at PageObjects.Ccda_page.File_Upload_Success_Message_R1(Ccda_page.java:74)
	at PageObjects.Ccda_page.File_Upload_Success_Message_R1(Ccda_page.java:74)
	at PageObjects.Ccda_page.File_Upload_Success_Message_R1(Ccda_page.java:74)
	at PageObjects.Ccda_page.File_Upload_Success_Message_R1(Ccda_page.java:74)
	at PageObjects.Ccda_page.File_Upload_Success_Message_R1(Ccda_page.java:74)
	at PageObjects.Ccda_page.File_Upload_Success_Message_R1(Ccda_page.java:74)
	at PageObjects.Ccda_page.File_Upload_Success_Message_R1(Ccda_page.java:74)
	at PageObjects.Ccda_page.File_Upload_Success_Message_R1(Ccda_page.java:74)
	at PageObjects.Ccda_page.File_Upload_Success_Message_R1(Ccda_page.java:74)
	at PageObjects.Ccda_page.File_Upload_Success_Message_R1(Ccda_page.java:74)
	at PageObjects.Ccda_page.File_Upload_Success_Message_R1(Ccda_page.java:74)
	at PageObjects.Ccda_page.File_Upload_Success_Message_R1(Ccda_page.java:74)
	at PageObjects.Ccda_page.File_Upload_Success_Message_R1(Ccda_page.java:74)
	at PageObjects.Ccda_page.File_Upload_Success_Message_R1(Ccda_page.java:74)
	at PageObjects.Ccda_page.File_Upload_Success_Message_R1(Ccda_page.java:74)
	at PageObjects.Ccda_page.File_Upload_Success_Message_R1(Ccda_page.java:74)
	at PageObjects.Ccda_page.File_Upload_Success_Message_R1(Ccda_page.java:74)
	at PageObjects.Ccda_page.File_Upload_Success_Message_R1(Ccda_page.java:74)
	at PageObjects.Ccda_page.File_Upload_Success_Message_R1(Ccda_page.java:74)
	at PageObjects.Ccda_page.File_Upload_Success_Message_R1(Ccda_page.java:74)
	at PageObjects.Ccda_page.File_Upload_Success_Message_R1(Ccda_page.java:74)
	at PageObjects.Ccda_page.File_Upload_Success_Message_R1(Ccda_page.java:74)
	at PageObjects.Ccda_page.File_Upload_Success_Message_R1(Ccda_page.java:74)
	at PageObjects.Ccda_page.File_Upload_Success_Message_R1(Ccda_page.java:74)
	at PageObjects.Ccda_page.File_Upload_Success_Message_R1(Ccda_page.java:74)
	at PageObjects.Ccda_page.File_Upload_Success_Message_R1(Ccda_page.java:74)
	at PageObjects.Ccda_page.File_Upload_Success_Message_R1(Ccda_page.java:74)
	at PageObjects.Ccda_page.File_Upload_Success_Message_R1(Ccda_page.java:74)
	at PageObjects.Ccda_page.File_Upload_Success_Message_R1(Ccda_page.java:74)
	at PageObjects.Ccda_page.File_Upload_Success_Message_R1(Ccda_page.java:74)
	at PageObjects.Ccda_page.File_Upload_Success_Message_R1(Ccda_page.java:74)
	at PageObjects.Ccda_page.File_Upload_Success_Message_R1(Ccda_page.java:74)
	at PageObjects.Ccda_page.File_Upload_Success_Message_R1(Ccda_page.java:74)
	at PageObjects.Ccda_page.File_Upload_Success_Message_R1(Ccda_page.java:74)
	at PageObjects.Ccda_page.File_Upload_Success_Message_R1(Ccda_page.java:74)
	at PageObjects.Ccda_page.File_Upload_Success_Message_R1(Ccda_page.java:74)
	at PageObjects.Ccda_page.File_Upload_Success_Message_R1(Ccda_page.java:74)
	at PageObjects.Ccda_page.File_Upload_Success_Message_R1(Ccda_page.java:74)
	at PageObjects.Ccda_page.File_Upload_Success_Message_R1(Ccda_page.java:74)
	at PageObjects.Ccda_page.File_Upload_Success_Message_R1(Ccda_page.java:74)
	at PageObjects.Ccda_page.File_Upload_Success_Message_R1(Ccda_page.java:74)
	at PageObjects.Ccda_page.File_Upload_Success_Message_R1(Ccda_page.java:74)
	at PageObjects.Ccda_page.File_Upload_Success_Message_R1(Ccda_page.java:74)
	at PageObjects.Ccda_page.File_Upload_Success_Message_R1(Ccda_page.java:74)
	at PageObjects.Ccda_page.File_Upload_Success_Message_R1(Ccda_page.java:74)
	at PageObjects.Ccda_page.File_Upload_Success_Message_R1(Ccda_page.java:74)
	at PageObjects.Ccda_page.File_Upload_Success_Message_R1(Ccda_page.java:74)
	at PageObjects.Ccda_page.File_Upload_Success_Message_R1(Ccda_page.java:74)
	at PageObjects.Ccda_page.File_Upload_Success_Message_R1(Ccda_page.java:74)
	at PageObjects.Ccda_page.File_Upload_Success_Message_R1(Ccda_page.java:74)
	at PageObjects.Ccda_page.File_Upload_Success_Message_R1(Ccda_page.java:74)
	at PageObjects.Ccda_page.File_Upload_Success_Message_R1(Ccda_page.java:74)
	at PageObjects.Ccda_page.File_Upload_Success_Message_R1(Ccda_page.java:74)
	at PageObjects.Ccda_page.File_Upload_Success_Message_R1(Ccda_page.java:74)
	at PageObjects.Ccda_page.File_Upload_Success_Message_R1(Ccda_page.java:74)
	at PageObjects.Ccda_page.File_Upload_Success_Message_R1(Ccda_page.java:74)
	at PageObjects.Ccda_page.File_Upload_Success_Message_R1(Ccda_page.java:74)
	at PageObjects.Ccda_page.File_Upload_Success_Message_R1(Ccda_page.java:74)
	at PageObjects.Ccda_page.File_Upload_Success_Message_R1(Ccda_page.java:74)
	at PageObjects.Ccda_page.File_Upload_Success_Message_R1(Ccda_page.java:74)
	at PageObjects.Ccda_page.File_Upload_Success_Message_R1(Ccda_page.java:74)
	at PageObjects.Ccda_page.File_Upload_Success_Message_R1(Ccda_page.java:74)
	at PageObjects.Ccda_page.File_Upload_Success_Message_R1(Ccda_page.java:74)
	at PageObjects.Ccda_page.File_Upload_Success_Message_R1(Ccda_page.java:74)
	at PageObjects.Ccda_page.File_Upload_Success_Message_R1(Ccda_page.java:74)
	at PageObjects.Ccda_page.File_Upload_Success_Message_R1(Ccda_page.java:74)
	at PageObjects.Ccda_page.File_Upload_Success_Message_R1(Ccda_page.java:74)
	at PageObjects.Ccda_page.File_Upload_Success_Message_R1(Ccda_page.java:74)
	at PageObjects.Ccda_page.File_Upload_Success_Message_R1(Ccda_page.java:74)
	at PageObjects.Ccda_page.File_Upload_Success_Message_R1(Ccda_page.java:74)
	at PageObjects.Ccda_page.File_Upload_Success_Message_R1(Ccda_page.java:74)
	at PageObjects.Ccda_page.File_Upload_Success_Message_R1(Ccda_page.java:74)
	at PageObjects.Ccda_page.File_Upload_Success_Message_R1(Ccda_page.java:74)
	at PageObjects.Ccda_page.File_Upload_Success_Message_R1(Ccda_page.java:74)
	at PageObjects.Ccda_page.File_Upload_Success_Message_R1(Ccda_page.java:74)
	at PageObjects.Ccda_page.File_Upload_Success_Message_R1(Ccda_page.java:74)
	at PageObjects.Ccda_page.File_Upload_Success_Message_R1(Ccda_page.java:74)
	at PageObjects.Ccda_page.File_Upload_Success_Message_R1(Ccda_page.java:74)
	at PageObjects.Ccda_page.File_Upload_Success_Message_R1(Ccda_page.java:74)
	at PageObjects.Ccda_page.File_Upload_Success_Message_R1(Ccda_page.java:74)
	at PageObjects.Ccda_page.File_Upload_Success_Message_R1(Ccda_page.java:74)
	at PageObjects.Ccda_page.File_Upload_Success_Message_R1(Ccda_page.java:74)
	at PageObjects.Ccda_page.File_Upload_Success_Message_R1(Ccda_page.java:74)
	at PageObjects.Ccda_page.File_Upload_Success_Message_R1(Ccda_page.java:74)
	at PageObjects.Ccda_page.File_Upload_Success_Message_R1(Ccda_page.java:74)
	at PageObjects.Ccda_page.File_Upload_Success_Message_R1(Ccda_page.java:74)
	at PageObjects.Ccda_page.File_Upload_Success_Message_R1(Ccda_page.java:74)
	at PageObjects.Ccda_page.File_Upload_Success_Message_R1(Ccda_page.java:74)
	at PageObjects.Ccda_page.File_Upload_Success_Message_R1(Ccda_page.java:74)
	at PageObjects.Ccda_page.File_Upload_Success_Message_R1(Ccda_page.java:74)
	at PageObjects.Ccda_page.File_Upload_Success_Message_R1(Ccda_page.java:74)
	at PageObjects.Ccda_page.File_Upload_Success_Message_R1(Ccda_page.java:74)
	at PageObjects.Ccda_page.File_Upload_Success_Message_R1(Ccda_page.java:74)
	at PageObjects.Ccda_page.File_Upload_Success_Message_R1(Ccda_page.java:74)
	at PageObjects.Ccda_page.File_Upload_Success_Message_R1(Ccda_page.java:74)
	at PageObjects.Ccda_page.File_Upload_Success_Message_R1(Ccda_page.java:74)
	at PageObjects.Ccda_page.File_Upload_Success_Message_R1(Ccda_page.java:74)
	at PageObjects.Ccda_page.File_Upload_Success_Message_R1(Ccda_page.java:74)
	at PageObjects.Ccda_page.File_Upload_Success_Message_R1(Ccda_page.java:74)
	at PageObjects.Ccda_page.File_Upload_Success_Message_R1(Ccda_page.java:74)
	at PageObjects.Ccda_page.File_Upload_Success_Message_R1(Ccda_page.java:74)
	at PageObjects.Ccda_page.File_Upload_Success_Message_R1(Ccda_page.java:74)
	at PageObjects.Ccda_page.File_Upload_Success_Message_R1(Ccda_page.java:74)
	at PageObjects.Ccda_page.File_Upload_Success_Message_R1(Ccda_page.java:74)
	at PageObjects.Ccda_page.File_Upload_Success_Message_R1(Ccda_page.java:74)
	at PageObjects.Ccda_page.File_Upload_Success_Message_R1(Ccda_page.java:74)
	at PageObjects.Ccda_page.File_Upload_Success_Message_R1(Ccda_page.java:74)
	at PageObjects.Ccda_page.File_Upload_Success_Message_R1(Ccda_page.java:74)
	at PageObjects.Ccda_page.File_Upload_Success_Message_R1(Ccda_page.java:74)
	at PageObjects.Ccda_page.File_Upload_Success_Message_R1(Ccda_page.java:74)
	at PageObjects.Ccda_page.File_Upload_Success_Message_R1(Ccda_page.java:74)
	at PageObjects.Ccda_page.File_Upload_Success_Message_R1(Ccda_page.java:74)
	at PageObjects.Ccda_page.File_Upload_Success_Message_R1(Ccda_page.java:74)
	at PageObjects.Ccda_page.File_Upload_Success_Message_R1(Ccda_page.java:74)
	at PageObjects.Ccda_page.File_Upload_Success_Message_R1(Ccda_page.java:74)
	at PageObjects.Ccda_page.File_Upload_Success_Message_R1(Ccda_page.java:74)
	at PageObjects.Ccda_page.File_Upload_Success_Message_R1(Ccda_page.java:74)
	at PageObjects.Ccda_page.File_Upload_Success_Message_R1(Ccda_page.java:74)
	at PageObjects.Ccda_page.File_Upload_Success_Message_R1(Ccda_page.java:74)
	at PageObjects.Ccda_page.File_Upload_Success_Message_R1(Ccda_page.java:74)
	at PageObjects.Ccda_page.File_Upload_Success_Message_R1(Ccda_page.java:74)
	at PageObjects.Ccda_page.File_Upload_Success_Message_R1(Ccda_page.java:74)
	at PageObjects.Ccda_page.File_Upload_Success_Message_R1(Ccda_page.java:74)
	at PageObjects.Ccda_page.File_Upload_Success_Message_R1(Ccda_page.java:74)
	at PageObjects.Ccda_page.File_Upload_Success_Message_R1(Ccda_page.java:74)
	at PageObjects.Ccda_page.File_Upload_Success_Message_R1(Ccda_page.java:74)
	at PageObjects.Ccda_page.File_Upload_Success_Message_R1(Ccda_page.java:74)
	at PageObjects.Ccda_page.File_Upload_Success_Message_R1(Ccda_page.java:74)
	at PageObjects.Ccda_page.File_Upload_Success_Message_R1(Ccda_page.java:74)
	at PageObjects.Ccda_page.File_Upload_Success_Message_R1(Ccda_page.java:74)
	at PageObjects.Ccda_page.File_Upload_Success_Message_R1(Ccda_page.java:74)
	at PageObjects.Ccda_page.File_Upload_Success_Message_R1(Ccda_page.java:74)
	at PageObjects.Ccda_page.File_Upload_Success_Message_R1(Ccda_page.java:74)
	at PageObjects.Ccda_page.File_Upload_Success_Message_R1(Ccda_page.java:74)
	at PageObjects.Ccda_page.File_Upload_Success_Message_R1(Ccda_page.java:74)
	at PageObjects.Ccda_page.File_Upload_Success_Message_R1(Ccda_page.java:74)
	at PageObjects.Ccda_page.File_Upload_Success_Message_R1(Ccda_page.java:74)
	at PageObjects.Ccda_page.File_Upload_Success_Message_R1(Ccda_page.java:74)
	at PageObjects.Ccda_page.File_Upload_Success_Message_R1(Ccda_page.java:74)
	at PageObjects.Ccda_page.File_Upload_Success_Message_R1(Ccda_page.java:74)
	at PageObjects.Ccda_page.File_Upload_Success_Message_R1(Ccda_page.java:74)
	at PageObjects.Ccda_page.File_Upload_Success_Message_R1(Ccda_page.java:74)
	at PageObjects.Ccda_page.File_Upload_Success_Message_R1(Ccda_page.java:74)
	at PageObjects.Ccda_page.File_Upload_Success_Message_R1(Ccda_page.java:74)
	at PageObjects.Ccda_page.File_Upload_Success_Message_R1(Ccda_page.java:74)
	at PageObjects.Ccda_page.File_Upload_Success_Message_R1(Ccda_page.java:74)
	at PageObjects.Ccda_page.File_Upload_Success_Message_R1(Ccda_page.java:74)
	at PageObjects.Ccda_page.File_Upload_Success_Message_R1(Ccda_page.java:74)
	at PageObjects.Ccda_page.File_Upload_Success_Message_R1(Ccda_page.java:74)
	at PageObjects.Ccda_page.File_Upload_Success_Message_R1(Ccda_page.java:74)
	at PageObjects.Ccda_page.File_Upload_Success_Message_R1(Ccda_page.java:74)
	at PageObjects.Ccda_page.File_Upload_Success_Message_R1(Ccda_page.java:74)
	at PageObjects.Ccda_page.File_Upload_Success_Message_R1(Ccda_page.java:74)
	at PageObjects.Ccda_page.File_Upload_Success_Message_R1(Ccda_page.java:74)
	at PageObjects.Ccda_page.File_Upload_Success_Message_R1(Ccda_page.java:74)
	at PageObjects.Ccda_page.File_Upload_Success_Message_R1(Ccda_page.java:74)
	at PageObjects.Ccda_page.File_Upload_Success_Message_R1(Ccda_page.java:74)
	at PageObjects.Ccda_page.File_Upload_Success_Message_R1(Ccda_page.java:74)
	at PageObjects.Ccda_page.File_Upload_Success_Message_R1(Ccda_page.java:74)
	at PageObjects.Ccda_page.File_Upload_Success_Message_R1(Ccda_page.java:74)
	at PageObjects.Ccda_page.File_Upload_Success_Message_R1(Ccda_page.java:74)
	at PageObjects.Ccda_page.File_Upload_Success_Message_R1(Ccda_page.java:74)
	at PageObjects.Ccda_page.File_Upload_Success_Message_R1(Ccda_page.java:74)
	at PageObjects.Ccda_page.File_Upload_Success_Message_R1(Ccda_page.java:74)
	at PageObjects.Ccda_page.File_Upload_Success_Message_R1(Ccda_page.java:74)
	at PageObjects.Ccda_page.File_Upload_Success_Message_R1(Ccda_page.java:74)
	at PageObjects.Ccda_page.File_Upload_Success_Message_R1(Ccda_page.java:74)
	at PageObjects.Ccda_page.File_Upload_Success_Message_R1(Ccda_page.java:74)
	at PageObjects.Ccda_page.File_Upload_Success_Message_R1(Ccda_page.java:74)
	at PageObjects.Ccda_page.File_Upload_Success_Message_R1(Ccda_page.java:74)
	at PageObjects.Ccda_page.File_Upload_Success_Message_R1(Ccda_page.java:74)
	at PageObjects.Ccda_page.File_Upload_Success_Message_R1(Ccda_page.java:74)
	at PageObjects.Ccda_page.File_Upload_Success_Message_R1(Ccda_page.java:74)
	at PageObjects.Ccda_page.File_Upload_Success_Message_R1(Ccda_page.java:74)
	at PageObjects.Ccda_page.File_Upload_Success_Message_R1(Ccda_page.java:74)
	at PageObjects.Ccda_page.File_Upload_Success_Message_R1(Ccda_page.java:74)
	at PageObjects.Ccda_page.File_Upload_Success_Message_R1(Ccda_page.java:74)
	at PageObjects.Ccda_page.File_Upload_Success_Message_R1(Ccda_page.java:74)
	at PageObjects.Ccda_page.File_Upload_Success_Message_R1(Ccda_page.java:74)
	at PageObjects.Ccda_page.File_Upload_Success_Message_R1(Ccda_page.java:74)
	at PageObjects.Ccda_page.File_Upload_Success_Message_R1(Ccda_page.java:74)
	at PageObjects.Ccda_page.File_Upload_Success_Message_R1(Ccda_page.java:74)
	at PageObjects.Ccda_page.File_Upload_Success_Message_R1(Ccda_page.java:74)
	at PageObjects.Ccda_page.File_Upload_Success_Message_R1(Ccda_page.java:74)
	at PageObjects.Ccda_page.File_Upload_Success_Message_R1(Ccda_page.java:74)
	at PageObjects.Ccda_page.File_Upload_Success_Message_R1(Ccda_page.java:74)
	at PageObjects.Ccda_page.File_Upload_Success_Message_R1(Ccda_page.java:74)
	at PageObjects.Ccda_page.File_Upload_Success_Message_R1(Ccda_page.java:74)
	at PageObjects.Ccda_page.File_Upload_Success_Message_R1(Ccda_page.java:74)
	at PageObjects.Ccda_page.File_Upload_Success_Message_R1(Ccda_page.java:74)
	at PageObjects.Ccda_page.File_Upload_Success_Message_R1(Ccda_page.java:74)
	at PageObjects.Ccda_page.File_Upload_Success_Message_R1(Ccda_page.java:74)
	at PageObjects.Ccda_page.File_Upload_Success_Message_R1(Ccda_page.java:74)
	at PageObjects.Ccda_page.File_Upload_Success_Message_R1(Ccda_page.java:74)
	at PageObjects.Ccda_page.File_Upload_Success_Message_R1(Ccda_page.java:74)
	at PageObjects.Ccda_page.File_Upload_Success_Message_R1(Ccda_page.java:74)
	at PageObjects.Ccda_page.File_Upload_Success_Message_R1(Ccda_page.java:74)
	at PageObjects.Ccda_page.File_Upload_Success_Message_R1(Ccda_page.java:74)
	at PageObjects.Ccda_page.File_Upload_Success_Message_R1(Ccda_page.java:74)
	at PageObjects.Ccda_page.File_Upload_Success_Message_R1(Ccda_page.java:74)
	at PageObjects.Ccda_page.File_Upload_Success_Message_R1(Ccda_page.java:74)
	at PageObjects.Ccda_page.File_Upload_Success_Message_R1(Ccda_page.java:74)
	at PageObjects.Ccda_page.File_Upload_Success_Message_R1(Ccda_page.java:74)
	at PageObjects.Ccda_page.File_Upload_Success_Message_R1(Ccda_page.java:74)
	at PageObjects.Ccda_page.File_Upload_Success_Message_R1(Ccda_page.java:74)
	at PageObjects.Ccda_page.File_Upload_Success_Message_R1(Ccda_page.java:74)
	at PageObjects.Ccda_page.File_Upload_Success_Message_R1(Ccda_page.java:74)
	at PageObjects.Ccda_page.File_Upload_Success_Message_R1(Ccda_page.java:74)
	at PageObjects.Ccda_page.File_Upload_Success_Message_R1(Ccda_page.java:74)
	at PageObjects.Ccda_page.File_Upload_Success_Message_R1(Ccda_page.java:74)
	at PageObjects.Ccda_page.File_Upload_Success_Message_R1(Ccda_page.java:74)
	at PageObjects.Ccda_page.File_Upload_Success_Message_R1(Ccda_page.java:74)
	at PageObjects.Ccda_page.File_Upload_Success_Message_R1(Ccda_page.java:74)
	at PageObjects.Ccda_page.File_Upload_Success_Message_R1(Ccda_page.java:74)
	at PageObjects.Ccda_page.File_Upload_Success_Message_R1(Ccda_page.java:74)
	at PageObjects.Ccda_page.File_Upload_Success_Message_R1(Ccda_page.java:74)
	at PageObjects.Ccda_page.File_Upload_Success_Message_R1(Ccda_page.java:74)
	at PageObjects.Ccda_page.File_Upload_Success_Message_R1(Ccda_page.java:74)
	at PageObjects.Ccda_page.File_Upload_Success_Message_R1(Ccda_page.java:74)
	at PageObjects.Ccda_page.File_Upload_Success_Message_R1(Ccda_page.java:74)
	at PageObjects.Ccda_page.File_Upload_Success_Message_R1(Ccda_page.java:74)
	at PageObjects.Ccda_page.File_Upload_Success_Message_R1(Ccda_page.java:74)
	at PageObjects.Ccda_page.File_Upload_Success_Message_R1(Ccda_page.java:74)
	at PageObjects.Ccda_page.File_Upload_Success_Message_R1(Ccda_page.java:74)
	at PageObjects.Ccda_page.File_Upload_Success_Message_R1(Ccda_page.java:74)
	at PageObjects.Ccda_page.File_Upload_Success_Message_R1(Ccda_page.java:74)
	at PageObjects.Ccda_page.File_Upload_Success_Message_R1(Ccda_page.java:74)
	at PageObjects.Ccda_page.File_Upload_Success_Message_R1(Ccda_page.java:74)
	at PageObjects.Ccda_page.File_Upload_Success_Message_R1(Ccda_page.java:74)
	at PageObjects.Ccda_page.File_Upload_Success_Message_R1(Ccda_page.java:74)
	at PageObjects.Ccda_page.File_Upload_Success_Message_R1(Ccda_page.java:74)
	at PageObjects.Ccda_page.File_Upload_Success_Message_R1(Ccda_page.java:74)
	at PageObjects.Ccda_page.File_Upload_Success_Message_R1(Ccda_page.java:74)
	at PageObjects.Ccda_page.File_Upload_Success_Message_R1(Ccda_page.java:74)
	at PageObjects.Ccda_page.File_Upload_Success_Message_R1(Ccda_page.java:74)
	at PageObjects.Ccda_page.File_Upload_Success_Message_R1(Ccda_page.java:74)
	at PageObjects.Ccda_page.File_Upload_Success_Message_R1(Ccda_page.java:74)
	at PageObjects.Ccda_page.File_Upload_Success_Message_R1(Ccda_page.java:74)
	at PageObjects.Ccda_page.File_Upload_Success_Message_R1(Ccda_page.java:74)
	at PageObjects.Ccda_page.File_Upload_Success_Message_R1(Ccda_page.java:74)
	at PageObjects.Ccda_page.File_Upload_Success_Message_R1(Ccda_page.java:74)
	at PageObjects.Ccda_page.File_Upload_Success_Message_R1(Ccda_page.java:74)
	at PageObjects.Ccda_page.File_Upload_Success_Message_R1(Ccda_page.java:74)
	at PageObjects.Ccda_page.File_Upload_Success_Message_R1(Ccda_page.java:74)
	at PageObjects.Ccda_page.File_Upload_Success_Message_R1(Ccda_page.java:74)
	at PageObjects.Ccda_page.File_Upload_Success_Message_R1(Ccda_page.java:74)
	at PageObjects.Ccda_page.File_Upload_Success_Message_R1(Ccda_page.java:74)
	at PageObjects.Ccda_page.File_Upload_Success_Message_R1(Ccda_page.java:74)
	at PageObjects.Ccda_page.File_Upload_Success_Message_R1(Ccda_page.java:74)
	at PageObjects.Ccda_page.File_Upload_Success_Message_R1(Ccda_page.java:74)
	at PageObjects.Ccda_page.File_Upload_Success_Message_R1(Ccda_page.java:74)
	at PageObjects.Ccda_page.File_Upload_Success_Message_R1(Ccda_page.java:74)
	at PageObjects.Ccda_page.File_Upload_Success_Message_R1(Ccda_page.java:74)
	at PageObjects.Ccda_page.File_Upload_Success_Message_R1(Ccda_page.java:74)
	at PageObjects.Ccda_page.File_Upload_Success_Message_R1(Ccda_page.java:74)
	at PageObjects.Ccda_page.File_Upload_Success_Message_R1(Ccda_page.java:74)
	at PageObjects.Ccda_page.File_Upload_Success_Message_R1(Ccda_page.java:74)
	at PageObjects.Ccda_page.File_Upload_Success_Message_R1(Ccda_page.java:74)
	at PageObjects.Ccda_page.File_Upload_Success_Message_R1(Ccda_page.java:74)
	at PageObjects.Ccda_page.File_Upload_Success_Message_R1(Ccda_page.java:74)
	at PageObjects.Ccda_page.File_Upload_Success_Message_R1(Ccda_page.java:74)
	at PageObjects.Ccda_page.File_Upload_Success_Message_R1(Ccda_page.java:74)
	at PageObjects.Ccda_page.File_Upload_Success_Message_R1(Ccda_page.java:74)
	at PageObjects.Ccda_page.File_Upload_Success_Message_R1(Ccda_page.java:74)
	at PageObjects.Ccda_page.File_Upload_Success_Message_R1(Ccda_page.java:74)
	at PageObjects.Ccda_page.File_Upload_Success_Message_R1(Ccda_page.java:74)
	at PageObjects.Ccda_page.File_Upload_Success_Message_R1(Ccda_page.java:74)
	at PageObjects.Ccda_page.File_Upload_Success_Message_R1(Ccda_page.java:74)
	at PageObjects.Ccda_page.File_Upload_Success_Message_R1(Ccda_page.java:74)
	at PageObjects.Ccda_page.File_Upload_Success_Message_R1(Ccda_page.java:74)
	at PageObjects.Ccda_page.File_Upload_Success_Message_R1(Ccda_page.java:74)
	at PageObjects.Ccda_page.File_Upload_Success_Message_R1(Ccda_page.java:74)
	at PageObjects.Ccda_page.File_Upload_Success_Message_R1(Ccda_page.java:74)
	at PageObjects.Ccda_page.File_Upload_Success_Message_R1(Ccda_page.java:74)
	at PageObjects.Ccda_page.File_Upload_Success_Message_R1(Ccda_page.java:74)
	at PageObjects.Ccda_page.File_Upload_Success_Message_R1(Ccda_page.java:74)
[...]
	at PageObjects.Ccda_page.File_Upload_Success_Message_R1(Ccda_page.java:74)
	at PageObjects.Ccda_page.File_Upload_Success_Message_R1(Ccda_page.java:74)
	at PageObjects.Ccda_page.File_Upload_Success_Message_R1(Ccda_page.java:74)
	at PageObjects.Ccda_page.File_Upload_Success_Message_R1(Ccda_page.java:74)
	at PageObjects.Ccda_page.File_Upload_Success_Message_R1(Ccda_page.java:74)
	at PageObjects.Ccda_page.File_Upload_Success_Message_R1(Ccda_page.java:74)
	at PageObjects.Ccda_page.File_Upload_Success_Message_R1(Ccda_page.java:74)
	at PageObjects.Ccda_page.File_Upload_Success_Message_R1(Ccda_page.java:74)
	at PageObjects.Ccda_page.File_Upload_Success_Message_R1(Ccda_page.java:74)
	at PageObjects.Ccda_page.File_Upload_Success_Message_R1(Ccda_page.java:74)
	at PageObjects.Ccda_page.File_Upload_Success_Message_R1(Ccda_page.java:74)
	at PageObjects.Ccda_page.File_Upload_Success_Message_R1(Ccda_page.java:74)
	at PageObjects.Ccda_page.File_Upload_Success_Message_R1(Ccda_page.java:74)
	at PageObjects.Ccda_page.File_Upload_Success_Message_R1(Ccda_page.java:74)
	at PageObjects.Ccda_page.File_Upload_Success_Message_R1(Ccda_page.java:74)
	at PageObjects.Ccda_page.File_Upload_Success_Message_R1(Ccda_page.java:74)
	at PageObjects.Ccda_page.File_Upload_Success_Message_R1(Ccda_page.java:74)
	at PageObjects.Ccda_page.File_Upload_Success_Message_R1(Ccda_page.java:74)
	at PageObjects.Ccda_page.File_Upload_Success_Message_R1(Ccda_page.java:74)
	at PageObjects.Ccda_page.File_Upload_Success_Message_R1(Ccda_page.java:74)
	at PageObjects.Ccda_page.File_Upload_Success_Message_R1(Ccda_page.java:74)
	at PageObjects.Ccda_page.File_Upload_Success_Message_R1(Ccda_page.java:74)
	at PageObjects.Ccda_page.File_Upload_Success_Message_R1(Ccda_page.java:74)
	at PageObjects.Ccda_page.File_Upload_Success_Message_R1(Ccda_page.java:74)
	at PageObjects.Ccda_page.File_Upload_Success_Message_R1(Ccda_page.java:74)
	at PageObjects.Ccda_page.File_Upload_Success_Message_R1(Ccda_page.java:74)
	at PageObjects.Ccda_page.File_Upload_Success_Message_R1(Ccda_page.java:74)
	at PageObjects.Ccda_page.File_Upload_Success_Message_R1(Ccda_page.java:74)
	at PageObjects.Ccda_page.File_Upload_Success_Message_R1(Ccda_page.java:74)
	at PageObjects.Ccda_page.File_Upload_Success_Message_R1(Ccda_page.java:74)
	at PageObjects.Ccda_page.File_Upload_Success_Message_R1(Ccda_page.java:74)
	at PageObjects.Ccda_page.File_Upload_Success_Message_R1(Ccda_page.java:74)
	at PageObjects.Ccda_page.File_Upload_Success_Message_R1(Ccda_page.java:74)
	at PageObjects.Ccda_page.File_Upload_Success_Message_R1(Ccda_page.java:74)
	at PageObjects.Ccda_page.File_Upload_Success_Message_R1(Ccda_page.java:74)
	at PageObjects.Ccda_page.File_Upload_Success_Message_R1(Ccda_page.java:74)
	at PageObjects.Ccda_page.File_Upload_Success_Message_R1(Ccda_page.java:74)
	at PageObjects.Ccda_page.File_Upload_Success_Message_R1(Ccda_page.java:74)
	at PageObjects.Ccda_page.File_Upload_Success_Message_R1(Ccda_page.java:74)
	at PageObjects.Ccda_page.File_Upload_Success_Message_R1(Ccda_page.java:74)
	at PageObjects.Ccda_page.File_Upload_Success_Message_R1(Ccda_page.java:74)
	at PageObjects.Ccda_page.File_Upload_Success_Message_R1(Ccda_page.java:74)
	at PageObjects.Ccda_page.File_Upload_Success_Message_R1(Ccda_page.java:74)
	at PageObjects.Ccda_page.File_Upload_Success_Message_R1(Ccda_page.java:74)
	at PageObjects.Ccda_page.File_Upload_Success_Message_R1(Ccda_page.java:74)
	at PageObjects.Ccda_page.File_Upload_Success_Message_R1(Ccda_page.java:74)
	at PageObjects.Ccda_page.File_Upload_Success_Message_R1(Ccda_page.java:74)
	at PageObjects.Ccda_page.File_Upload_Success_Message_R1(Ccda_page.java:74)
	at PageObjects.Ccda_page.File_Upload_Success_Message_R1(Ccda_page.java:74)
	at PageObjects.Ccda_page.File_Upload_Success_Message_R1(Ccda_page.java:74)
	at PageObjects.Ccda_page.File_Upload_Success_Message_R1(Ccda_page.java:74)
	at PageObjects.Ccda_page.File_Upload_Success_Message_R1(Ccda_page.java:74)
	at PageObjects.Ccda_page.File_Upload_Success_Message_R1(Ccda_page.java:74)
	at PageObjects.Ccda_page.File_Upload_Success_Message_R1(Ccda_page.java:74)
	at PageObjects.Ccda_page.File_Upload_Success_Message_R1(Ccda_page.java:74)
	at PageObjects.Ccda_page.File_Upload_Success_Message_R1(Ccda_page.java:74)
	at PageObjects.Ccda_page.File_Upload_Success_Message_R1(Ccda_page.java:74)
	at PageObjects.Ccda_page.File_Upload_Success_Message_R1(Ccda_page.java:74)
	at PageObjects.Ccda_page.File_Upload_Success_Message_R1(Ccda_page.java:74)
	at PageObjects.Ccda_page.File_Upload_Success_Message_R1(Ccda_page.java:74)
	at PageObjects.Ccda_page.File_Upload_Success_Message_R1(Ccda_page.java:74)
	at PageObjects.Ccda_page.File_Upload_Success_Message_R1(Ccda_page.java:74)
	at PageObjects.Ccda_page.File_Upload_Success_Message_R1(Ccda_page.java:74)
	at PageObjects.Ccda_page.File_Upload_Success_Message_R1(Ccda_page.java:74)
	at PageObjects.Ccda_page.File_Upload_Success_Message_R1(Ccda_page.java:74)
	at PageObjects.Ccda_page.File_Upload_Success_Message_R1(Ccda_page.java:74)
	at PageObjects.Ccda_page.File_Upload_Success_Message_R1(Ccda_page.java:74)
	at PageObjects.Ccda_page.File_Upload_Success_Message_R1(Ccda_page.java:74)
	at PageObjects.Ccda_page.File_Upload_Success_Message_R1(Ccda_page.java:74)
	at PageObjects.Ccda_page.File_Upload_Success_Message_R1(Ccda_page.java:74)
	at PageObjects.Ccda_page.File_Upload_Success_Message_R1(Ccda_page.java:74)
	at PageObjects.Ccda_page.File_Upload_Success_Message_R1(Ccda_page.java:74)
	at PageObjects.Ccda_page.File_Upload_Success_Message_R1(Ccda_page.java:74)
	at PageObjects.Ccda_page.File_Upload_Success_Message_R1(Ccda_page.java:74)
	at PageObjects.Ccda_page.File_Upload_Success_Message_R1(Ccda_page.java:74)
	at PageObjects.Ccda_page.File_Upload_Success_Message_R1(Ccda_page.java:74)
	at PageObjects.Ccda_page.File_Upload_Success_Message_R1(Ccda_page.java:74)
	at PageObjects.Ccda_page.File_Upload_Success_Message_R1(Ccda_page.java:74)
	at PageObjects.Ccda_page.File_Upload_Success_Message_R1(Ccda_page.java:74)
	at PageObjects.Ccda_page.File_Upload_Success_Message_R1(Ccda_page.java:74)
	at PageObjects.Ccda_page.File_Upload_Success_Message_R1(Ccda_page.java:74)
	at PageObjects.Ccda_page.File_Upload_Success_Message_R1(Ccda_page.java:74)
	at PageObjects.Ccda_page.File_Upload_Success_Message_R1(Ccda_page.java:74)
	at PageObjects.Ccda_page.File_Upload_Success_Message_R1(Ccda_page.java:74)
	at PageObjects.Ccda_page.File_Upload_Success_Message_R1(Ccda_page.java:74)
	at PageObjects.Ccda_page.File_Upload_Success_Message_R1(Ccda_page.java:74)
	at PageObjects.Ccda_page.File_Upload_Success_Message_R1(Ccda_page.java:74)
	at PageObjects.Ccda_page.File_Upload_Success_Message_R1(Ccda_page.java:74)
	at PageObjects.Ccda_page.File_Upload_Success_Message_R1(Ccda_page.java:74)
	at PageObjects.Ccda_page.File_Upload_Success_Message_R1(Ccda_page.java:74)
	at PageObjects.Ccda_page.File_Upload_Success_Message_R1(Ccda_page.java:74)
	at PageObjects.Ccda_page.File_Upload_Success_Message_R1(Ccda_page.java:74)
	at PageObjects.Ccda_page.File_Upload_Success_Message_R1(Ccda_page.java:74)
	at PageObjects.Ccda_page.File_Upload_Success_Message_R1(Ccda_page.java:74)
	at PageObjects.Ccda_page.File_Upload_Success_Message_R1(Ccda_page.java:74)
	at PageObjects.Ccda_page.File_Upload_Success_Message_R1(Ccda_page.java:74)
	at PageObjects.Ccda_page.File_Upload_Success_Message_R1(Ccda_page.java:74)
	at PageObjects.Ccda_page.File_Upload_Success_Message_R1(Ccda_page.java:74)
	at PageObjects.Ccda_page.File_Upload_Success_Message_R1(Ccda_page.java:74)
	at PageObjects.Ccda_page.File_Upload_Success_Message_R1(Ccda_page.java:74)
	at PageObjects.Ccda_page.File_Upload_Success_Message_R1(Ccda_page.java:74)
	at PageObjects.Ccda_page.File_Upload_Success_Message_R1(Ccda_page.java:74)
	at PageObjects.Ccda_page.File_Upload_Success_Message_R1(Ccda_page.java:74)
	at PageObjects.Ccda_page.File_Upload_Success_Message_R1(Ccda_page.java:74)
	at PageObjects.Ccda_page.File_Upload_Success_Message_R1(Ccda_page.java:74)
	at PageObjects.Ccda_page.File_Upload_Success_Message_R1(Ccda_page.java:74)
	at PageObjects.Ccda_page.File_Upload_Success_Message_R1(Ccda_page.java:74)
	at PageObjects.Ccda_page.File_Upload_Success_Message_R1(Ccda_page.java:74)
	at PageObjects.Ccda_page.File_Upload_Success_Message_R1(Ccda_page.java:74)
	at PageObjects.Ccda_page.File_Upload_Success_Message_R1(Ccda_page.java:74)
	at PageObjects.Ccda_page.File_Upload_Success_Message_R1(Ccda_page.java:74)
	at PageObjects.Ccda_page.File_Upload_Success_Message_R1(Ccda_page.java:74)
	at PageObjects.Ccda_page.File_Upload_Success_Message_R1(Ccda_page.java:74)
	at PageObjects.Ccda_page.File_Upload_Success_Message_R1(Ccda_page.java:74)
	at PageObjects.Ccda_page.File_Upload_Success_Message_R1(Ccda_page.java:74)
	at PageObjects.Ccda_page.File_Upload_Success_Message_R1(Ccda_page.java:74)
	at PageObjects.Ccda_page.File_Upload_Success_Message_R1(Ccda_page.java:74)
	at PageObjects.Ccda_page.File_Upload_Success_Message_R1(Ccda_page.java:74)
	at PageObjects.Ccda_page.File_Upload_Success_Message_R1(Ccda_page.java:74)
	at PageObjects.Ccda_page.File_Upload_Success_Message_R1(Ccda_page.java:74)
	at PageObjects.Ccda_page.File_Upload_Success_Message_R1(Ccda_page.java:74)
	at PageObjects.Ccda_page.File_Upload_Success_Message_R1(Ccda_page.java:74)
	at PageObjects.Ccda_page.File_Upload_Success_Message_R1(Ccda_page.java:74)
	at PageObjects.Ccda_page.File_Upload_Success_Message_R1(Ccda_page.java:74)
	at PageObjects.Ccda_page.File_Upload_Success_Message_R1(Ccda_page.java:74)
	at PageObjects.Ccda_page.File_Upload_Success_Message_R1(Ccda_page.java:74)
	at PageObjects.Ccda_page.File_Upload_Success_Message_R1(Ccda_page.java:74)
	at PageObjects.Ccda_page.File_Upload_Success_Message_R1(Ccda_page.java:74)
	at PageObjects.Ccda_page.File_Upload_Success_Message_R1(Ccda_page.java:74)
	at PageObjects.Ccda_page.File_Upload_Success_Message_R1(Ccda_page.java:74)
	at PageObjects.Ccda_page.File_Upload_Success_Message_R1(Ccda_page.java:74)
	at PageObjects.Ccda_page.File_Upload_Success_Message_R1(Ccda_page.java:74)
	at PageObjects.Ccda_page.File_Upload_Success_Message_R1(Ccda_page.java:74)
	at PageObjects.Ccda_page.File_Upload_Success_Message_R1(Ccda_page.java:74)
	at PageObjects.Ccda_page.File_Upload_Success_Message_R1(Ccda_page.java:74)
	at PageObjects.Ccda_page.File_Upload_Success_Message_R1(Ccda_page.java:74)
	at PageObjects.Ccda_page.File_Upload_Success_Message_R1(Ccda_page.java:74)
	at PageObjects.Ccda_page.File_Upload_Success_Message_R1(Ccda_page.java:74)
	at PageObjects.Ccda_page.File_Upload_Success_Message_R1(Ccda_page.java:74)
	at PageObjects.Ccda_page.File_Upload_Success_Message_R1(Ccda_page.java:74)
	at PageObjects.Ccda_page.File_Upload_Success_Message_R1(Ccda_page.java:74)
	at PageObjects.Ccda_page.File_Upload_Success_Message_R1(Ccda_page.java:74)
	at PageObjects.Ccda_page.File_Upload_Success_Message_R1(Ccda_page.java:74)
	at PageObjects.Ccda_page.File_Upload_Success_Message_R1(Ccda_page.java:74)
	at PageObjects.Ccda_page.File_Upload_Success_Message_R1(Ccda_page.java:74)
	at PageObjects.Ccda_page.File_Upload_Success_Message_R1(Ccda_page.java:74)
	at PageObjects.Ccda_page.File_Upload_Success_Message_R1(Ccda_page.java:74)
	at PageObjects.Ccda_page.File_Upload_Success_Message_R1(Ccda_page.java:74)
	at PageObjects.Ccda_page.File_Upload_Success_Message_R1(Ccda_page.java:74)
	at PageObjects.Ccda_page.File_Upload_Success_Message_R1(Ccda_page.java:74)
	at PageObjects.Ccda_page.File_Upload_Success_Message_R1(Ccda_page.java:74)
	at PageObjects.Ccda_page.File_Upload_Success_Message_R1(Ccda_page.java:74)
	at PageObjects.Ccda_page.File_Upload_Success_Message_R1(Ccda_page.java:74)
	at PageObjects.Ccda_page.File_Upload_Success_Message_R1(Ccda_page.java:74)
	at PageObjects.Ccda_page.File_Upload_Success_Message_R1(Ccda_page.java:74)
	at PageObjects.Ccda_page.File_Upload_Success_Message_R1(Ccda_page.java:74)
	at PageObjects.Ccda_page.File_Upload_Success_Message_R1(Ccda_page.java:74)
	at PageObjects.Ccda_page.File_Upload_Success_Message_R1(Ccda_page.java:74)
	at PageObjects.Ccda_page.File_Upload_Success_Message_R1(Ccda_page.java:74)
	at PageObjects.Ccda_page.File_Upload_Success_Message_R1(Ccda_page.java:74)
	at PageObjects.Ccda_page.File_Upload_Success_Message_R1(Ccda_page.java:74)
	at PageObjects.Ccda_page.File_Upload_Success_Message_R1(Ccda_page.java:74)
	at PageObjects.Ccda_page.File_Upload_Success_Message_R1(Ccda_page.java:74)
	at PageObjects.Ccda_page.File_Upload_Success_Message_R1(Ccda_page.java:74)
	at PageObjects.Ccda_page.File_Upload_Success_Message_R1(Ccda_page.java:74)
	at PageObjects.Ccda_page.File_Upload_Success_Message_R1(Ccda_page.java:74)
	at PageObjects.Ccda_page.File_Upload_Success_Message_R1(Ccda_page.java:74)
	at PageObjects.Ccda_page.File_Upload_Success_Message_R1(Ccda_page.java:74)
	at PageObjects.Ccda_page.File_Upload_Success_Message_R1(Ccda_page.java:74)
	at PageObjects.Ccda_page.File_Upload_Success_Message_R1(Ccda_page.java:74)
	at PageObjects.Ccda_page.File_Upload_Success_Message_R1(Ccda_page.java:74)
	at PageObjects.Ccda_page.File_Upload_Success_Message_R1(Ccda_page.java:74)
	at PageObjects.Ccda_page.File_Upload_Success_Message_R1(Ccda_page.java:74)
	at PageObjects.Ccda_page.File_Upload_Success_Message_R1(Ccda_page.java:74)
	at PageObjects.Ccda_page.File_Upload_Success_Message_R1(Ccda_page.java:74)
	at PageObjects.Ccda_page.File_Upload_Success_Message_R1(Ccda_page.java:74)
	at PageObjects.Ccda_page.File_Upload_Success_Message_R1(Ccda_page.java:74)
	at PageObjects.Ccda_page.File_Upload_Success_Message_R1(Ccda_page.java:74)
	at PageObjects.Ccda_page.File_Upload_Success_Message_R1(Ccda_page.java:74)
	at PageObjects.Ccda_page.File_Upload_Success_Message_R1(Ccda_page.java:74)
	at PageObjects.Ccda_page.File_Upload_Success_Message_R1(Ccda_page.java:74)
	at PageObjects.Ccda_page.File_Upload_Success_Message_R1(Ccda_page.java:74)
	at PageObjects.Ccda_page.File_Upload_Success_Message_R1(Ccda_page.java:74)
	at PageObjects.Ccda_page.File_Upload_Success_Message_R1(Ccda_page.java:74)
	at PageObjects.Ccda_page.File_Upload_Success_Message_R1(Ccda_page.java:74)
	at PageObjects.Ccda_page.File_Upload_Success_Message_R1(Ccda_page.java:74)
	at PageObjects.Ccda_page.File_Upload_Success_Message_R1(Ccda_page.java:74)
	at PageObjects.Ccda_page.File_Upload_Success_Message_R1(Ccda_page.java:74)
	at PageObjects.Ccda_page.File_Upload_Success_Message_R1(Ccda_page.java:74)
	at PageObjects.Ccda_page.File_Upload_Success_Message_R1(Ccda_page.java:74)
	at PageObjects.Ccda_page.File_Upload_Success_Message_R1(Ccda_page.java:74)
	at PageObjects.Ccda_page.File_Upload_Success_Message_R1(Ccda_page.java:74)
	at PageObjects.Ccda_page.File_Upload_Success_Message_R1(Ccda_page.java:74)
	at PageObjects.Ccda_page.File_Upload_Success_Message_R1(Ccda_page.java:74)
	at PageObjects.Ccda_page.File_Upload_Success_Message_R1(Ccda_page.java:74)
	at PageObjects.Ccda_page.File_Upload_Success_Message_R1(Ccda_page.java:74)
	at PageObjects.Ccda_page.File_Upload_Success_Message_R1(Ccda_page.java:74)
	at PageObjects.Ccda_page.File_Upload_Success_Message_R1(Ccda_page.java:74)
	at PageObjects.Ccda_page.File_Upload_Success_Message_R1(Ccda_page.java:74)
	at PageObjects.Ccda_page.File_Upload_Success_Message_R1(Ccda_page.java:74)
	at PageObjects.Ccda_page.File_Upload_Success_Message_R1(Ccda_page.java:74)
	at PageObjects.Ccda_page.File_Upload_Success_Message_R1(Ccda_page.java:74)
	at PageObjects.Ccda_page.File_Upload_Success_Message_R1(Ccda_page.java:74)
	at PageObjects.Ccda_page.File_Upload_Success_Message_R1(Ccda_page.java:74)
	at PageObjects.Ccda_page.File_Upload_Success_Message_R1(Ccda_page.java:74)
	at PageObjects.Ccda_page.File_Upload_Success_Message_R1(Ccda_page.java:74)
	at PageObjects.Ccda_page.File_Upload_Success_Message_R1(Ccda_page.java:74)
	at PageObjects.Ccda_page.File_Upload_Success_Message_R1(Ccda_page.java:74)
	at PageObjects.Ccda_page.File_Upload_Success_Message_R1(Ccda_page.java:74)
	at PageObjects.Ccda_page.File_Upload_Success_Message_R1(Ccda_page.java:74)
	at PageObjects.Ccda_page.File_Upload_Success_Message_R1(Ccda_page.java:74)
	at PageObjects.Ccda_page.File_Upload_Success_Message_R1(Ccda_page.java:74)
	at PageObjects.Ccda_page.File_Upload_Success_Message_R1(Ccda_page.java:74)
	at PageObjects.Ccda_page.File_Upload_Success_Message_R1(Ccda_page.java:74)
	at PageObjects.Ccda_page.File_Upload_Success_Message_R1(Ccda_page.java:74)
	at PageObjects.Ccda_page.File_Upload_Success_Message_R1(Ccda_page.java:74)
	at PageObjects.Ccda_page.File_Upload_Success_Message_R1(Ccda_page.java:74)
	at PageObjects.Ccda_page.File_Upload_Success_Message_R1(Ccda_page.java:74)
	at PageObjects.Ccda_page.File_Upload_Success_Message_R1(Ccda_page.java:74)
	at PageObjects.Ccda_page.File_Upload_Success_Message_R1(Ccda_page.java:74)
	at PageObjects.Ccda_page.File_Upload_Success_Message_R1(Ccda_page.java:74)
	at PageObjects.Ccda_page.File_Upload_Success_Message_R1(Ccda_page.java:74)
	at PageObjects.Ccda_page.File_Upload_Success_Message_R1(Ccda_page.java:74)
	at PageObjects.Ccda_page.File_Upload_Success_Message_R1(Ccda_page.java:74)
	at PageObjects.Ccda_page.File_Upload_Success_Message_R1(Ccda_page.java:74)
	at PageObjects.Ccda_page.File_Upload_Success_Message_R1(Ccda_page.java:74)
	at PageObjects.Ccda_page.File_Upload_Success_Message_R1(Ccda_page.java:74)
	at PageObjects.Ccda_page.File_Upload_Success_Message_R1(Ccda_page.java:74)
	at PageObjects.Ccda_page.File_Upload_Success_Message_R1(Ccda_page.java:74)
	at PageObjects.Ccda_page.File_Upload_Success_Message_R1(Ccda_page.java:74)
	at PageObjects.Ccda_page.File_Upload_Success_Message_R1(Ccda_page.java:74)
	at PageObjects.Ccda_page.File_Upload_Success_Message_R1(Ccda_page.java:74)
	at PageObjects.Ccda_page.File_Upload_Success_Message_R1(Ccda_page.java:74)
	at PageObjects.Ccda_page.File_Upload_Success_Message_R1(Ccda_page.java:74)
	at PageObjects.Ccda_page.File_Upload_Success_Message_R1(Ccda_page.java:74)
	at PageObjects.Ccda_page.File_Upload_Success_Message_R1(Ccda_page.java:74)
	at PageObjects.Ccda_page.File_Upload_Success_Message_R1(Ccda_page.java:74)
	at PageObjects.Ccda_page.File_Upload_Success_Message_R1(Ccda_page.java:74)
	at PageObjects.Ccda_page.File_Upload_Success_Message_R1(Ccda_page.java:74)
	at PageObjects.Ccda_page.File_Upload_Success_Message_R1(Ccda_page.java:74)
	at PageObjects.Ccda_page.File_Upload_Success_Message_R1(Ccda_page.java:74)
	at PageObjects.Ccda_page.File_Upload_Success_Message_R1(Ccda_page.java:74)
	at PageObjects.Ccda_page.File_Upload_Success_Message_R1(Ccda_page.java:74)
	at PageObjects.Ccda_page.File_Upload_Success_Message_R1(Ccda_page.java:74)
	at PageObjects.Ccda_page.File_Upload_Success_Message_R1(Ccda_page.java:74)
	at PageObjects.Ccda_page.File_Upload_Success_Message_R1(Ccda_page.java:74)
	at PageObjects.Ccda_page.File_Upload_Success_Message_R1(Ccda_page.java:74)
	at PageObjects.Ccda_page.File_Upload_Success_Message_R1(Ccda_page.java:74)
	at PageObjects.Ccda_page.File_Upload_Success_Message_R1(Ccda_page.java:74)
	at PageObjects.Ccda_page.File_Upload_Success_Message_R1(Ccda_page.java:74)
	at PageObjects.Ccda_page.File_Upload_Success_Message_R1(Ccda_page.java:74)
	at PageObjects.Ccda_page.File_Upload_Success_Message_R1(Ccda_page.java:74)
	at PageObjects.Ccda_page.File_Upload_Success_Message_R1(Ccda_page.java:74)
	at PageObjects.Ccda_page.File_Upload_Success_Message_R1(Ccda_page.java:74)
	at PageObjects.Ccda_page.File_Upload_Success_Message_R1(Ccda_page.java:74)
	at PageObjects.Ccda_page.File_Upload_Success_Message_R1(Ccda_page.java:74)
	at PageObjects.Ccda_page.File_Upload_Success_Message_R1(Ccda_page.java:74)
	at PageObjects.Ccda_page.File_Upload_Success_Message_R1(Ccda_page.java:74)
	at PageObjects.Ccda_page.File_Upload_Success_Message_R1(Ccda_page.java:74)
	at PageObjects.Ccda_page.File_Upload_Success_Message_R1(Ccda_page.java:74)
	at PageObjects.Ccda_page.File_Upload_Success_Message_R1(Ccda_page.java:74)
</error>

      </testcase>

      <system-out><![CDATA[]]></system-out>

      <system-err><![CDATA[]]></system-err>

  </testsuite>
</testsuites>
