<?xml version="1.0" encoding="UTF-8" ?>
<testsuite errors="0" failures="0" hostname="t440p-20140129b" name="automationFramework.Cypress" skipped="0" tests="2" time="27.907" timestamp="2015-02-02T18:20:57">
  <properties>
[...]
</properties>
  <testcase classname="automationFramework.Cypress" name="HomePage" time="10.172" />
  <testcase classname="automationFramework.Cypress" name="testCypress" time="17.547" />
  <system-out><![CDATA[]]></system-out>
  <system-err><![CDATA[]]></system-err>
</testsuite>
